Using pre-set license
Built from '2021.3/china_unity/release' branch; Version is '2021.3.26f1c1 (19b503b0ef33) revision 1684739'; Using compiler version '192829333'; Build Type 'Release'
OS: 'Windows 11  (10.0.22621) 64bit Professional' Language: 'zh' Physical Memory: 32652 MB
BatchMode: 1, IsHumanControllingUs: 0, StartBugReporterOnCrash: 0, Is64bit: 1, IsPro: 1

COMMAND LINE ARGUMENTS:
E:\Unity\2021.3.26f1c1\Editor\Unity.exe
-adb2
-batchMode
-noUpm
-name
AssetImportWorker7
-projectPath
E:/Unity/progect/OneBUtton
-logFile
Logs/AssetImportWorker7.log
-srvPort
58649
Successfully changed project path to: E:/Unity/progect/OneBUtton
E:/Unity/progect/OneBUtton
[UnityMemory] Configuration Parameters - Can be set up in boot.config
    "memorysetup-bucket-allocator-granularity=16"
    "memorysetup-bucket-allocator-bucket-count=8"
    "memorysetup-bucket-allocator-block-size=33554432"
    "memorysetup-bucket-allocator-block-count=8"
    "memorysetup-main-allocator-block-size=16777216"
    "memorysetup-thread-allocator-block-size=16777216"
    "memorysetup-gfx-main-allocator-block-size=16777216"
    "memorysetup-gfx-thread-allocator-block-size=16777216"
    "memorysetup-cache-allocator-block-size=4194304"
    "memorysetup-typetree-allocator-block-size=2097152"
    "memorysetup-profiler-bucket-allocator-granularity=16"
    "memorysetup-profiler-bucket-allocator-bucket-count=8"
    "memorysetup-profiler-bucket-allocator-block-size=33554432"
    "memorysetup-profiler-bucket-allocator-block-count=8"
    "memorysetup-profiler-allocator-block-size=16777216"
    "memorysetup-profiler-editor-allocator-block-size=1048576"
    "memorysetup-temp-allocator-size-main=16777216"
    "memorysetup-job-temp-allocator-block-size=2097152"
    "memorysetup-job-temp-allocator-block-size-background=1048576"
    "memorysetup-job-temp-allocator-reduction-small-platforms=262144"
    "memorysetup-temp-allocator-size-background-worker=32768"
    "memorysetup-temp-allocator-size-job-worker=262144"
    "memorysetup-temp-allocator-size-preload-manager=33554432"
    "memorysetup-temp-allocator-size-nav-mesh-worker=65536"
    "memorysetup-temp-allocator-size-audio-worker=65536"
    "memorysetup-temp-allocator-size-cloud-worker=32768"
    "memorysetup-temp-allocator-size-gi-baking-worker=262144"
    "memorysetup-temp-allocator-size-gfx=262144"
Player connection [9768] Host "[IP] 192.168.56.1 [Port] 0 [Flags] 2 [Guid] 3282062893 [EditorId] 3282062893 [Version] 1048832 [Id] WindowsEditor(7,my_abstract) [Debug] 1 [PackageName] WindowsEditor [ProjectName] Editor" joined multi-casting on [225.0.0.222:54997]...

Player connection [9768] Host "[IP] 192.168.56.1 [Port] 0 [Flags] 2 [Guid] 3282062893 [EditorId] 3282062893 [Version] 1048832 [Id] WindowsEditor(7,my_abstract) [Debug] 1 [PackageName] WindowsEditor [ProjectName] Editor" joined alternative multi-casting on [225.0.0.222:34997]...

AS: AutoStreaming module initializing.
Refreshing native plugins compatible for Editor in 52.77 ms, found 3 plugins.
Preloading 0 native plugins for Editor in 0.00 ms.
Initialize engine version: 2021.3.26f1c1 (19b503b0ef33)
[Subsystems] Discovering subsystems at path E:/Unity/2021.3.26f1c1/Editor/Data/Resources/UnitySubsystems
[Subsystems] Discovering subsystems at path E:/Unity/progect/OneBUtton/Assets
GfxDevice: creating device client; threaded=0; jobified=0
Direct3D:
    Version:  Direct3D 11.0 [level 11.1]
    Renderer: NVIDIA GeForce RTX 3060 Ti (ID=0x24c9)
    Vendor:   NVIDIA
    VRAM:     8038 MB
    Driver:   31.0.15.3598
Initialize mono
Mono path[0] = 'E:/Unity/2021.3.26f1c1/Editor/Data/Managed'
Mono path[1] = 'E:/Unity/2021.3.26f1c1/Editor/Data/MonoBleedingEdge/lib/mono/unityjit-win32'
Mono config path = 'E:/Unity/2021.3.26f1c1/Editor/Data/MonoBleedingEdge/etc'
Using monoOptions --debugger-agent=transport=dt_socket,embedding=1,server=y,suspend=n,address=127.0.0.1:56440
Begin MonoManager ReloadAssembly
Registering precompiled unity dll's ...
Register platform support module: E:/Unity/2021.3.26f1c1/Editor/Data/PlaybackEngines/WebGLSupport/UnityEditor.WebGL.Extensions.dll
Register platform support module: E:/Unity/2021.3.26f1c1/Editor/Data/PlaybackEngines/AndroidPlayer/UnityEditor.Android.Extensions.dll
Register platform support module: E:/Unity/2021.3.26f1c1/Editor/Data/PlaybackEngines/iOSSupport/UnityEditor.iOS.Extensions.dll
Register platform support module: E:/Unity/2021.3.26f1c1/Editor/Data/PlaybackEngines/WindowsStandaloneSupport/UnityEditor.WindowsStandalone.Extensions.dll
Registered in 0.004541 seconds.
Native extension for WindowsStandalone target not found
[usbmuxd] Start listen thread
[usbmuxd] Listen thread started
Native extension for iOS target not found
Native extension for Android target not found
Android Extension - Scanning For ADB Devices 307 ms
Native extension for WebGL target not found
Refreshing native plugins compatible for Editor in 51.78 ms, found 3 plugins.
Preloading 0 native plugins for Editor in 0.00 ms.
Mono: successfully reloaded assembly
- Completed reload, in  0.804 seconds
Domain Reload Profiling:
	ReloadAssembly (805ms)
		BeginReloadAssembly (66ms)
			ExecutionOrderSort (0ms)
			DisableScriptedObjects (0ms)
			BackupInstance (0ms)
			ReleaseScriptingObjects (0ms)
			CreateAndSetChildDomain (1ms)
		EndReloadAssembly (663ms)
			LoadAssemblies (64ms)
			RebuildTransferFunctionScriptingTraits (0ms)
			SetupTypeCache (74ms)
			ReleaseScriptCaches (0ms)
			RebuildScriptCaches (20ms)
			SetupLoadedEditorAssemblies (528ms)
				LogAssemblyErrors (0ms)
				InitializePlatformSupportModulesInManaged (378ms)
				SetLoadedEditorAssemblies (0ms)
				RefreshPlugins (52ms)
				BeforeProcessingInitializeOnLoad (1ms)
				ProcessInitializeOnLoadAttributes (64ms)
				ProcessInitializeOnLoadMethodAttributes (33ms)
				AfterProcessingInitializeOnLoad (0ms)
				EditorAssembliesLoaded (0ms)
			ExecutionOrderSort2 (0ms)
			AwakeInstancesAfterBackupRestoration (0ms)
Platform modules already initialized, skipping
Registering precompiled user dll's ...
Registered in 0.007764 seconds.
Begin MonoManager ReloadAssembly
Symbol file LoadedFromMemory doesn't match image E:\Unity\progect\OneBUtton\Library\PackageCache\com.unity.visualscripting@1.8.0\Editor\VisualScripting.Core\Dependencies\YamlDotNet\Unity.VisualScripting.YamlDotNet.dll
Symbol file LoadedFromMemory doesn't match image E:\Unity\progect\OneBUtton\Library\PackageCache\com.unity.visualscripting@1.8.0\Editor\VisualScripting.Core\Dependencies\DotNetZip\Unity.VisualScripting.IonicZip.dll
Native extension for WindowsStandalone target not found
Native extension for iOS target not found
Native extension for Android target not found
Native extension for WebGL target not found
Refreshing native plugins compatible for Editor in 0.52 ms, found 3 plugins.
Preloading 0 native plugins for Editor in 0.00 ms.
Mono: successfully reloaded assembly
- Completed reload, in  0.836 seconds
Domain Reload Profiling:
	ReloadAssembly (837ms)
		BeginReloadAssembly (95ms)
			ExecutionOrderSort (0ms)
			DisableScriptedObjects (4ms)
			BackupInstance (0ms)
			ReleaseScriptingObjects (0ms)
			CreateAndSetChildDomain (17ms)
		EndReloadAssembly (660ms)
			LoadAssemblies (68ms)
			RebuildTransferFunctionScriptingTraits (0ms)
			SetupTypeCache (146ms)
			ReleaseScriptCaches (0ms)
			RebuildScriptCaches (36ms)
			SetupLoadedEditorAssemblies (381ms)
				LogAssemblyErrors (0ms)
				InitializePlatformSupportModulesInManaged (23ms)
				SetLoadedEditorAssemblies (0ms)
				RefreshPlugins (1ms)
				BeforeProcessingInitializeOnLoad (54ms)
				ProcessInitializeOnLoadAttributes (281ms)
				ProcessInitializeOnLoadMethodAttributes (15ms)
				AfterProcessingInitializeOnLoad (8ms)
				EditorAssembliesLoaded (0ms)
			ExecutionOrderSort2 (0ms)
			AwakeInstancesAfterBackupRestoration (6ms)
Platform modules already initialized, skipping
========================================================================
Worker process is ready to serve import requests
Launched and connected shader compiler UnityShaderCompiler.exe after 0.04 seconds
Refreshing native plugins compatible for Editor in 0.52 ms, found 3 plugins.
Preloading 0 native plugins for Editor in 0.00 ms.
Unloading 3087 Unused Serialized files (Serialized files now loaded: 0)
Unloading 34 unused Assets / (357.0 KB). Loaded Objects now: 3553.
Memory consumption went from 113.9 MB to 113.6 MB.
Total: 2.826600 ms (FindLiveObjects: 0.168800 ms CreateObjectMapping: 0.077900 ms MarkObjects: 2.513600 ms  DeleteObjects: 0.065400 ms)

AssetImportParameters requested are different than current active one (requested -> active):
  custom:video-decoder-ogg-theora: a1e56fd34408186e4bbccfd4996cb3dc -> 
  custom:container-muxer-webm: aa71ff27fc2769a1b78a27578f13a17b -> 
  custom:container-demuxer-webm: 4f35f7cbe854078d1ac9338744f61a02 -> 
  custom:video-encoder-webm-vp8: eb34c28f22e8b96e1ab97ce403110664 -> 
  custom:video-codec-MediaFoundation-h265: 746d11721c4dcdbdad8f713fa42b33f4 -> 
  custom:audio-encoder-webm-vorbis: bf7c407c2cedff20999df2af8eb42d56 -> 
  custom:framework-win-MediaFoundation: 216162199b28c13a410421893ffa2e32 -> 
  custom:container-demuxer-ogg: 62fdf1f143b41e24485cea50d1cbac27 -> 
  custom:video-decoder-webm-vp8: 9c59270c3fd7afecdb556c50c9e8de78 -> 
  custom:audio-decoder-ogg-vorbis: bf7c407c2cedff20999df2af8eb42d56 -> 
========================================================================
Received Import Request.
  Time since last request: 358502.751478 seconds.
  path: Assets/角色走/角色走/后/后02.PNG
  artifactKey: Guid(4b935dbe74de95c4195d82d00f2ceeb8) Importer(815301076,1909f56bfc062723c751e8b465ee728b)
Start importing Assets/角色走/角色走/后/后02.PNG using Guid(4b935dbe74de95c4195d82d00f2ceeb8) Importer(815301076,1909f56bfc062723c751e8b465ee728b)  -> (artifact id: '160e17eeee4afec6bc30b6dbc05d8646') in 0.128830 seconds 
========================================================================
Received Import Request.
  Time since last request: 8.968641 seconds.
  path: Assets/角色走/角色走/左/左03.PNG
  artifactKey: Guid(72baf6baa16dc7d4e906acab5204009f) Importer(815301076,1909f56bfc062723c751e8b465ee728b)
Start importing Assets/角色走/角色走/左/左03.PNG using Guid(72baf6baa16dc7d4e906acab5204009f) Importer(815301076,1909f56bfc062723c751e8b465ee728b)  -> (artifact id: 'cc68ce691f88967dc0ce0c962d7f507b') in 0.042664 seconds 
========================================================================
Received Import Request.
  Time since last request: 12.508181 seconds.
  path: Assets/角色攻击/角色攻击/拳风右/拳风右03.PNG
  artifactKey: Guid(a503fc5f764ad4a4e9f4874e40d6de89) Importer(815301076,1909f56bfc062723c751e8b465ee728b)
Start importing Assets/角色攻击/角色攻击/拳风右/拳风右03.PNG using Guid(a503fc5f764ad4a4e9f4874e40d6de89) Importer(815301076,1909f56bfc062723c751e8b465ee728b)  -> (artifact id: '5b15919540bb301c6fde261c4d945641') in 0.071320 seconds 
========================================================================
Received Import Request.
  Time since last request: 0.000021 seconds.
  path: Assets/角色攻击/角色攻击/拳风右/拳风右10.PNG
  artifactKey: Guid(37eda7afee348fd4b91f34115f2f00bc) Importer(815301076,1909f56bfc062723c751e8b465ee728b)
Start importing Assets/角色攻击/角色攻击/拳风右/拳风右10.PNG using Guid(37eda7afee348fd4b91f34115f2f00bc) Importer(815301076,1909f56bfc062723c751e8b465ee728b)  -> (artifact id: '145cd2b8aeac16236c39aa37b2ac95c9') in 0.070440 seconds 
========================================================================
Received Import Request.
  Time since last request: 0.000032 seconds.
  path: Assets/角色攻击/角色攻击/拳风右/拳风右11.PNG
  artifactKey: Guid(82e7aee3afa5f1b4abea1a731fbfc85a) Importer(815301076,1909f56bfc062723c751e8b465ee728b)
Start importing Assets/角色攻击/角色攻击/拳风右/拳风右11.PNG using Guid(82e7aee3afa5f1b4abea1a731fbfc85a) Importer(815301076,1909f56bfc062723c751e8b465ee728b)  -> (artifact id: '0ecbc581a9d29cbd3a36d5c25bb873c1') in 0.058695 seconds 
========================================================================
Received Import Request.
  Time since last request: 7.663222 seconds.
  path: Assets/角色攻击/角色攻击/拳风左/拳风左03.PNG
  artifactKey: Guid(14b8e1ce67cffe544a65edd399162955) Importer(815301076,1909f56bfc062723c751e8b465ee728b)
Start importing Assets/角色攻击/角色攻击/拳风左/拳风左03.PNG using Guid(14b8e1ce67cffe544a65edd399162955) Importer(815301076,1909f56bfc062723c751e8b465ee728b)  -> (artifact id: 'a3cf45447cf987308dffc404ea541aa2') in 0.062098 seconds 
========================================================================
Received Import Request.
  Time since last request: 0.000018 seconds.
  path: Assets/角色攻击/角色攻击/拳风左/拳风左11.PNG
  artifactKey: Guid(b15b33c3c9b27a04d99a47fcec4f4d66) Importer(815301076,1909f56bfc062723c751e8b465ee728b)
Start importing Assets/角色攻击/角色攻击/拳风左/拳风左11.PNG using Guid(b15b33c3c9b27a04d99a47fcec4f4d66) Importer(815301076,1909f56bfc062723c751e8b465ee728b)  -> (artifact id: '909063430172a6f92dbaba17ea02abf5') in 0.053906 seconds 
========================================================================
Received Import Request.
  Time since last request: 0.000020 seconds.
  path: Assets/角色攻击/角色攻击/拳风左/拳风左08.PNG
  artifactKey: Guid(5dce9f1f9947b574b9bac3dfdc329272) Importer(815301076,1909f56bfc062723c751e8b465ee728b)
Start importing Assets/角色攻击/角色攻击/拳风左/拳风左08.PNG using Guid(5dce9f1f9947b574b9bac3dfdc329272) Importer(815301076,1909f56bfc062723c751e8b465ee728b)  -> (artifact id: 'd7c6d9ecaae651c2e39e6a824cdbe25b') in 0.058520 seconds 
========================================================================
Received Import Request.
  Time since last request: 5.910880 seconds.
  path: Assets/角色攻击/角色攻击/踢击右/踢击右3.PNG
  artifactKey: Guid(585ae5012b837e54fb1bf8a09ef11b90) Importer(815301076,1909f56bfc062723c751e8b465ee728b)
Start importing Assets/角色攻击/角色攻击/踢击右/踢击右3.PNG using Guid(585ae5012b837e54fb1bf8a09ef11b90) Importer(815301076,1909f56bfc062723c751e8b465ee728b)  -> (artifact id: '504d1926af965acfb6778a643450e464') in 0.061694 seconds 
========================================================================
Received Import Request.
  Time since last request: 0.000020 seconds.
  path: Assets/角色攻击/角色攻击/踢击右/踢击右5.PNG
  artifactKey: Guid(801ea23d0de0c534ca191a2589f77ff6) Importer(815301076,1909f56bfc062723c751e8b465ee728b)
Start importing Assets/角色攻击/角色攻击/踢击右/踢击右5.PNG using Guid(801ea23d0de0c534ca191a2589f77ff6) Importer(815301076,1909f56bfc062723c751e8b465ee728b)  -> (artifact id: 'da11760de45dac6e8b23354bce22fe19') in 0.053164 seconds 
========================================================================
Received Import Request.
  Time since last request: 6.365823 seconds.
  path: Assets/角色攻击/角色攻击/踢击左/踢击左4.PNG
  artifactKey: Guid(45a2ac89ab877ee42976d16d3054bbb9) Importer(815301076,1909f56bfc062723c751e8b465ee728b)
Start importing Assets/角色攻击/角色攻击/踢击左/踢击左4.PNG using Guid(45a2ac89ab877ee42976d16d3054bbb9) Importer(815301076,1909f56bfc062723c751e8b465ee728b)  -> (artifact id: 'ec097d411b89129f7b1cb0a4281436a1') in 0.050674 seconds 
========================================================================
Received Import Request.
  Time since last request: 0.000024 seconds.
  path: Assets/角色攻击/角色攻击/踢击左/踢击左7.PNG
  artifactKey: Guid(11faeeb42ad392c4cb2c0c3b8ef54574) Importer(815301076,1909f56bfc062723c751e8b465ee728b)
Start importing Assets/角色攻击/角色攻击/踢击左/踢击左7.PNG using Guid(11faeeb42ad392c4cb2c0c3b8ef54574) Importer(815301076,1909f56bfc062723c751e8b465ee728b)  -> (artifact id: '762a8eacae3e1b2449489951f5d4d85e') in 0.049754 seconds 
========================================================================
Received Prepare
Registering precompiled user dll's ...
Registered in 0.009127 seconds.
Begin MonoManager ReloadAssembly
Symbol file LoadedFromMemory doesn't match image E:\Unity\progect\OneBUtton\Library\PackageCache\com.unity.visualscripting@1.8.0\Editor\VisualScripting.Core\Dependencies\YamlDotNet\Unity.VisualScripting.YamlDotNet.dll
Symbol file LoadedFromMemory doesn't match image E:\Unity\progect\OneBUtton\Library\PackageCache\com.unity.visualscripting@1.8.0\Editor\VisualScripting.Core\Dependencies\DotNetZip\Unity.VisualScripting.IonicZip.dll
Native extension for WindowsStandalone target not found
Native extension for iOS target not found
Native extension for Android target not found
Native extension for WebGL target not found
Refreshing native plugins compatible for Editor in 0.65 ms, found 3 plugins.
Preloading 0 native plugins for Editor in 0.00 ms.
Mono: successfully reloaded assembly
- Completed reload, in  1.012 seconds
Domain Reload Profiling:
	ReloadAssembly (1013ms)
		BeginReloadAssembly (124ms)
			ExecutionOrderSort (0ms)
			DisableScriptedObjects (4ms)
			BackupInstance (0ms)
			ReleaseScriptingObjects (0ms)
			CreateAndSetChildDomain (33ms)
		EndReloadAssembly (804ms)
			LoadAssemblies (78ms)
			RebuildTransferFunctionScriptingTraits (0ms)
			SetupTypeCache (196ms)
			ReleaseScriptCaches (1ms)
			RebuildScriptCaches (39ms)
			SetupLoadedEditorAssemblies (444ms)
				LogAssemblyErrors (0ms)
				InitializePlatformSupportModulesInManaged (33ms)
				SetLoadedEditorAssemblies (0ms)
				RefreshPlugins (1ms)
				BeforeProcessingInitializeOnLoad (55ms)
				ProcessInitializeOnLoadAttributes (326ms)
				ProcessInitializeOnLoadMethodAttributes (18ms)
				AfterProcessingInitializeOnLoad (11ms)
				EditorAssembliesLoaded (0ms)
			ExecutionOrderSort2 (0ms)
			AwakeInstancesAfterBackupRestoration (8ms)
Platform modules already initialized, skipping
Refreshing native plugins compatible for Editor in 2.39 ms, found 3 plugins.
Preloading 0 native plugins for Editor in 0.00 ms.
Unloading 3080 Unused Serialized files (Serialized files now loaded: 0)
Unloading 15 unused Assets / (95.4 KB). Loaded Objects now: 3580.
Memory consumption went from 113.1 MB to 113.0 MB.
Total: 2.827500 ms (FindLiveObjects: 0.195200 ms CreateObjectMapping: 0.067300 ms MarkObjects: 2.530100 ms  DeleteObjects: 0.034000 ms)

AssetImportParameters requested are different than current active one (requested -> active):
  custom:video-decoder-ogg-theora: a1e56fd34408186e4bbccfd4996cb3dc -> 
  custom:container-muxer-webm: aa71ff27fc2769a1b78a27578f13a17b -> 
  custom:container-demuxer-webm: 4f35f7cbe854078d1ac9338744f61a02 -> 
  custom:video-encoder-webm-vp8: eb34c28f22e8b96e1ab97ce403110664 -> 
  custom:video-codec-MediaFoundation-h265: 746d11721c4dcdbdad8f713fa42b33f4 -> 
  custom:audio-encoder-webm-vorbis: bf7c407c2cedff20999df2af8eb42d56 -> 
  custom:framework-win-MediaFoundation: 216162199b28c13a410421893ffa2e32 -> 
  custom:container-demuxer-ogg: 62fdf1f143b41e24485cea50d1cbac27 -> 
  custom:video-decoder-webm-vp8: 9c59270c3fd7afecdb556c50c9e8de78 -> 
  custom:audio-decoder-ogg-vorbis: bf7c407c2cedff20999df2af8eb42d56 -> 
========================================================================
Received Import Request.
  Time since last request: 83.990635 seconds.
  path: Assets/角色走/角色走/前/前01.PNG
  artifactKey: Guid(487149fd0e7be1b4ca3376e7f4ff2ee9) Importer(815301076,1909f56bfc062723c751e8b465ee728b)
Start importing Assets/角色走/角色走/前/前01.PNG using Guid(487149fd0e7be1b4ca3376e7f4ff2ee9) Importer(815301076,1909f56bfc062723c751e8b465ee728b)  -> (artifact id: 'f8f26060a7590ebe5def1136eab7dc09') in 0.070226 seconds 
========================================================================
Received Import Request.
  Time since last request: 0.000021 seconds.
  path: Assets/角色走/角色走/前/前04.PNG
  artifactKey: Guid(7ddda6d708ab1f845986d2047afe8a7f) Importer(815301076,1909f56bfc062723c751e8b465ee728b)
Start importing Assets/角色走/角色走/前/前04.PNG using Guid(7ddda6d708ab1f845986d2047afe8a7f) Importer(815301076,1909f56bfc062723c751e8b465ee728b)  -> (artifact id: '946b3151d0cf1c56f7a0a1aaedf39e7d') in 0.029662 seconds 
========================================================================
Received Import Request.
  Time since last request: 0.000075 seconds.
  path: Assets/角色走/角色走/前/前02.PNG
  artifactKey: Guid(3171518c38b0e044b906a6a3455ecf52) Importer(815301076,1909f56bfc062723c751e8b465ee728b)
Start importing Assets/角色走/角色走/前/前02.PNG using Guid(3171518c38b0e044b906a6a3455ecf52) Importer(815301076,1909f56bfc062723c751e8b465ee728b)  -> (artifact id: '1fa68d4173da3372b935b0a90ce707b2') in 0.031252 seconds 
========================================================================
Received Prepare
Registering precompiled user dll's ...
Registered in 0.007352 seconds.
Begin MonoManager ReloadAssembly
Symbol file LoadedFromMemory doesn't match image E:\Unity\progect\OneBUtton\Library\PackageCache\com.unity.visualscripting@1.8.0\Editor\VisualScripting.Core\Dependencies\YamlDotNet\Unity.VisualScripting.YamlDotNet.dll
Symbol file LoadedFromMemory doesn't match image E:\Unity\progect\OneBUtton\Library\PackageCache\com.unity.visualscripting@1.8.0\Editor\VisualScripting.Core\Dependencies\DotNetZip\Unity.VisualScripting.IonicZip.dll
Native extension for WindowsStandalone target not found
Native extension for iOS target not found
Native extension for Android target not found
Native extension for WebGL target not found
Refreshing native plugins compatible for Editor in 0.87 ms, found 3 plugins.
Preloading 0 native plugins for Editor in 0.00 ms.
Mono: successfully reloaded assembly
- Completed reload, in  1.033 seconds
Domain Reload Profiling:
	ReloadAssembly (1034ms)
		BeginReloadAssembly (125ms)
			ExecutionOrderSort (0ms)
			DisableScriptedObjects (4ms)
			BackupInstance (0ms)
			ReleaseScriptingObjects (0ms)
			CreateAndSetChildDomain (38ms)
		EndReloadAssembly (814ms)
			LoadAssemblies (74ms)
			RebuildTransferFunctionScriptingTraits (0ms)
			SetupTypeCache (178ms)
			ReleaseScriptCaches (1ms)
			RebuildScriptCaches (41ms)
			SetupLoadedEditorAssemblies (481ms)
				LogAssemblyErrors (0ms)
				InitializePlatformSupportModulesInManaged (28ms)
				SetLoadedEditorAssemblies (0ms)
				RefreshPlugins (1ms)
				BeforeProcessingInitializeOnLoad (63ms)
				ProcessInitializeOnLoadAttributes (356ms)
				ProcessInitializeOnLoadMethodAttributes (20ms)
				AfterProcessingInitializeOnLoad (12ms)
				EditorAssembliesLoaded (0ms)
			ExecutionOrderSort2 (0ms)
			AwakeInstancesAfterBackupRestoration (7ms)
Platform modules already initialized, skipping
Refreshing native plugins compatible for Editor in 1.89 ms, found 3 plugins.
Preloading 0 native plugins for Editor in 0.00 ms.
Unloading 3080 Unused Serialized files (Serialized files now loaded: 0)
Unloading 15 unused Assets / (95.3 KB). Loaded Objects now: 3595.
Memory consumption went from 113.2 MB to 113.1 MB.
Total: 3.175700 ms (FindLiveObjects: 0.374300 ms CreateObjectMapping: 0.086800 ms MarkObjects: 2.666500 ms  DeleteObjects: 0.047100 ms)

AssetImportParameters requested are different than current active one (requested -> active):
  custom:video-decoder-ogg-theora: a1e56fd34408186e4bbccfd4996cb3dc -> 
  custom:container-muxer-webm: aa71ff27fc2769a1b78a27578f13a17b -> 
  custom:container-demuxer-webm: 4f35f7cbe854078d1ac9338744f61a02 -> 
  custom:video-encoder-webm-vp8: eb34c28f22e8b96e1ab97ce403110664 -> 
  custom:video-codec-MediaFoundation-h265: 746d11721c4dcdbdad8f713fa42b33f4 -> 
  custom:audio-encoder-webm-vorbis: bf7c407c2cedff20999df2af8eb42d56 -> 
  custom:framework-win-MediaFoundation: 216162199b28c13a410421893ffa2e32 -> 
  custom:container-demuxer-ogg: 62fdf1f143b41e24485cea50d1cbac27 -> 
  custom:video-decoder-webm-vp8: 9c59270c3fd7afecdb556c50c9e8de78 -> 
  custom:audio-decoder-ogg-vorbis: bf7c407c2cedff20999df2af8eb42d56 -> 
========================================================================
Received Import Request.
  Time since last request: 4.554291 seconds.
  path: Assets/角色走/角色走/前/前01.PNG
  artifactKey: Guid(487149fd0e7be1b4ca3376e7f4ff2ee9) Importer(815301076,1909f56bfc062723c751e8b465ee728b)
Start importing Assets/角色走/角色走/前/前01.PNG using Guid(487149fd0e7be1b4ca3376e7f4ff2ee9) Importer(815301076,1909f56bfc062723c751e8b465ee728b)  -> (artifact id: '0018d325322bf105cd71a0640a141014') in 0.064142 seconds 
========================================================================
Received Import Request.
  Time since last request: 7.102352 seconds.
  path: Assets/角色走/角色走/右/右02.PNG
  artifactKey: Guid(8fe07a1970fe4284e8bf516d1975eeef) Importer(815301076,1909f56bfc062723c751e8b465ee728b)
Start importing Assets/角色走/角色走/右/右02.PNG using Guid(8fe07a1970fe4284e8bf516d1975eeef) Importer(815301076,1909f56bfc062723c751e8b465ee728b)  -> (artifact id: '65e20feced7b12944b5bc2c7832d5faa') in 0.029289 seconds 
========================================================================
Received Import Request.
  Time since last request: 0.000024 seconds.
  path: Assets/角色走/角色走/右/右04.PNG
  artifactKey: Guid(388595f9870c6c642b2164b5e4242a4c) Importer(815301076,1909f56bfc062723c751e8b465ee728b)
Start importing Assets/角色走/角色走/右/右04.PNG using Guid(388595f9870c6c642b2164b5e4242a4c) Importer(815301076,1909f56bfc062723c751e8b465ee728b)  -> (artifact id: '8b40614a7a64a167cf709024a56b1af9') in 0.027721 seconds 
========================================================================
Received Import Request.
  Time since last request: 6.685085 seconds.
  path: Assets/角色走/角色走/后/后02.PNG
  artifactKey: Guid(4b935dbe74de95c4195d82d00f2ceeb8) Importer(815301076,1909f56bfc062723c751e8b465ee728b)
Start importing Assets/角色走/角色走/后/后02.PNG using Guid(4b935dbe74de95c4195d82d00f2ceeb8) Importer(815301076,1909f56bfc062723c751e8b465ee728b)  -> (artifact id: '967394ac357eca251a3395955012331b') in 0.028432 seconds 
========================================================================
Received Import Request.
  Time since last request: 0.000021 seconds.
  path: Assets/角色走/角色走/后/后04.PNG
  artifactKey: Guid(b11e655c5776ad94292f037b3b400e4f) Importer(815301076,1909f56bfc062723c751e8b465ee728b)
Start importing Assets/角色走/角色走/后/后04.PNG using Guid(b11e655c5776ad94292f037b3b400e4f) Importer(815301076,1909f56bfc062723c751e8b465ee728b)  -> (artifact id: '8bd892fea1ce2aeabf791c6020dfabc7') in 0.026466 seconds 
========================================================================
Received Import Request.
  Time since last request: 6.131837 seconds.
  path: Assets/角色走/角色走/左/左03.PNG
  artifactKey: Guid(72baf6baa16dc7d4e906acab5204009f) Importer(815301076,1909f56bfc062723c751e8b465ee728b)
Start importing Assets/角色走/角色走/左/左03.PNG using Guid(72baf6baa16dc7d4e906acab5204009f) Importer(815301076,1909f56bfc062723c751e8b465ee728b)  -> (artifact id: '25522a8f2892570839039fe260bf7ef5') in 0.029545 seconds 
========================================================================
Received Prepare
Registering precompiled user dll's ...
Registered in 0.010688 seconds.
Begin MonoManager ReloadAssembly
Symbol file LoadedFromMemory doesn't match image E:\Unity\progect\OneBUtton\Library\PackageCache\com.unity.visualscripting@1.8.0\Editor\VisualScripting.Core\Dependencies\YamlDotNet\Unity.VisualScripting.YamlDotNet.dll
Symbol file LoadedFromMemory doesn't match image E:\Unity\progect\OneBUtton\Library\PackageCache\com.unity.visualscripting@1.8.0\Editor\VisualScripting.Core\Dependencies\DotNetZip\Unity.VisualScripting.IonicZip.dll
Native extension for WindowsStandalone target not found
Native extension for iOS target not found
Native extension for Android target not found
Native extension for WebGL target not found
Refreshing native plugins compatible for Editor in 0.54 ms, found 3 plugins.
Preloading 0 native plugins for Editor in 0.00 ms.
Mono: successfully reloaded assembly
- Completed reload, in  1.021 seconds
Domain Reload Profiling:
	ReloadAssembly (1022ms)
		BeginReloadAssembly (132ms)
			ExecutionOrderSort (0ms)
			DisableScriptedObjects (3ms)
			BackupInstance (0ms)
			ReleaseScriptingObjects (0ms)
			CreateAndSetChildDomain (38ms)
		EndReloadAssembly (796ms)
			LoadAssemblies (76ms)
			RebuildTransferFunctionScriptingTraits (0ms)
			SetupTypeCache (186ms)
			ReleaseScriptCaches (1ms)
			RebuildScriptCaches (40ms)
			SetupLoadedEditorAssemblies (449ms)
				LogAssemblyErrors (0ms)
				InitializePlatformSupportModulesInManaged (31ms)
				SetLoadedEditorAssemblies (0ms)
				RefreshPlugins (1ms)
				BeforeProcessingInitializeOnLoad (52ms)
				ProcessInitializeOnLoadAttributes (335ms)
				ProcessInitializeOnLoadMethodAttributes (19ms)
				AfterProcessingInitializeOnLoad (12ms)
				EditorAssembliesLoaded (0ms)
			ExecutionOrderSort2 (0ms)
			AwakeInstancesAfterBackupRestoration (9ms)
Platform modules already initialized, skipping
Refreshing native plugins compatible for Editor in 2.32 ms, found 3 plugins.
Preloading 0 native plugins for Editor in 0.00 ms.
Unloading 3080 Unused Serialized files (Serialized files now loaded: 0)
Unloading 15 unused Assets / (95.3 KB). Loaded Objects now: 3610.
Memory consumption went from 113.2 MB to 113.1 MB.
Total: 3.533600 ms (FindLiveObjects: 0.216500 ms CreateObjectMapping: 0.066200 ms MarkObjects: 3.208100 ms  DeleteObjects: 0.041800 ms)

AssetImportParameters requested are different than current active one (requested -> active):
  custom:video-decoder-ogg-theora: a1e56fd34408186e4bbccfd4996cb3dc -> 
  custom:container-muxer-webm: aa71ff27fc2769a1b78a27578f13a17b -> 
  custom:container-demuxer-webm: 4f35f7cbe854078d1ac9338744f61a02 -> 
  custom:video-encoder-webm-vp8: eb34c28f22e8b96e1ab97ce403110664 -> 
  custom:video-codec-MediaFoundation-h265: 746d11721c4dcdbdad8f713fa42b33f4 -> 
  custom:audio-encoder-webm-vorbis: bf7c407c2cedff20999df2af8eb42d56 -> 
  custom:framework-win-MediaFoundation: 216162199b28c13a410421893ffa2e32 -> 
  custom:container-demuxer-ogg: 62fdf1f143b41e24485cea50d1cbac27 -> 
  custom:video-decoder-webm-vp8: 9c59270c3fd7afecdb556c50c9e8de78 -> 
  custom:audio-decoder-ogg-vorbis: bf7c407c2cedff20999df2af8eb42d56 -> 
Editor requested this worker to shutdown with reason: Scaling down because of idle timeout
AssetImportWorker is now disconnected from the server
Process exiting
Exiting without the bug reporter. Application will terminate with return code 0