Using pre-set license
Built from '2021.3/china_unity/release' branch; Version is '2021.3.26f1c1 (19b503b0ef33) revision 1684739'; Using compiler version '192829333'; Build Type 'Release'
OS: 'Windows 11  (10.0.22621) 64bit Professional' Language: 'zh' Physical Memory: 32652 MB
BatchMode: 1, IsHumanControllingUs: 0, StartBugReporterOnCrash: 0, Is64bit: 1, IsPro: 1

COMMAND LINE ARGUMENTS:
E:\Unity\2021.3.26f1c1\Editor\Unity.exe
-adb2
-batchMode
-noUpm
-name
AssetImportWorker1
-projectPath
E:/Unity/progect/OneBUtton
-logFile
Logs/AssetImportWorker1.log
-srvPort
52518
Successfully changed project path to: E:/Unity/progect/OneBUtton
E:/Unity/progect/OneBUtton
[UnityMemory] Configuration Parameters - Can be set up in boot.config
    "memorysetup-bucket-allocator-granularity=16"
    "memorysetup-bucket-allocator-bucket-count=8"
    "memorysetup-bucket-allocator-block-size=33554432"
    "memorysetup-bucket-allocator-block-count=8"
    "memorysetup-main-allocator-block-size=16777216"
    "memorysetup-thread-allocator-block-size=16777216"
    "memorysetup-gfx-main-allocator-block-size=16777216"
    "memorysetup-gfx-thread-allocator-block-size=16777216"
    "memorysetup-cache-allocator-block-size=4194304"
    "memorysetup-typetree-allocator-block-size=2097152"
    "memorysetup-profiler-bucket-allocator-granularity=16"
    "memorysetup-profiler-bucket-allocator-bucket-count=8"
    "memorysetup-profiler-bucket-allocator-block-size=33554432"
    "memorysetup-profiler-bucket-allocator-block-count=8"
    "memorysetup-profiler-allocator-block-size=16777216"
    "memorysetup-profiler-editor-allocator-block-size=1048576"
    "memorysetup-temp-allocator-size-main=16777216"
    "memorysetup-job-temp-allocator-block-size=2097152"
    "memorysetup-job-temp-allocator-block-size-background=1048576"
    "memorysetup-job-temp-allocator-reduction-small-platforms=262144"
    "memorysetup-temp-allocator-size-background-worker=32768"
    "memorysetup-temp-allocator-size-job-worker=262144"
    "memorysetup-temp-allocator-size-preload-manager=33554432"
    "memorysetup-temp-allocator-size-nav-mesh-worker=65536"
    "memorysetup-temp-allocator-size-audio-worker=65536"
    "memorysetup-temp-allocator-size-cloud-worker=32768"
    "memorysetup-temp-allocator-size-gi-baking-worker=262144"
    "memorysetup-temp-allocator-size-gfx=262144"
Player connection [12240] Host "[IP] 192.168.56.1 [Port] 0 [Flags] 2 [Guid] 2290410620 [EditorId] 2290410620 [Version] 1048832 [Id] WindowsEditor(7,my_abstract) [Debug] 1 [PackageName] WindowsEditor [ProjectName] Editor" joined multi-casting on [225.0.0.222:54997]...

Player connection [12240] Host "[IP] 192.168.56.1 [Port] 0 [Flags] 2 [Guid] 2290410620 [EditorId] 2290410620 [Version] 1048832 [Id] WindowsEditor(7,my_abstract) [Debug] 1 [PackageName] WindowsEditor [ProjectName] Editor" joined alternative multi-casting on [225.0.0.222:34997]...

AS: AutoStreaming module initializing.
Refreshing native plugins compatible for Editor in 52.52 ms, found 3 plugins.
Preloading 0 native plugins for Editor in 0.00 ms.
Initialize engine version: 2021.3.26f1c1 (19b503b0ef33)
[Subsystems] Discovering subsystems at path E:/Unity/2021.3.26f1c1/Editor/Data/Resources/UnitySubsystems
[Subsystems] Discovering subsystems at path E:/Unity/progect/OneBUtton/Assets
GfxDevice: creating device client; threaded=0; jobified=0
Direct3D:
    Version:  Direct3D 11.0 [level 11.1]
    Renderer: NVIDIA GeForce RTX 3060 Ti (ID=0x24c9)
    Vendor:   NVIDIA
    VRAM:     8038 MB
    Driver:   31.0.15.3598
Initialize mono
Mono path[0] = 'E:/Unity/2021.3.26f1c1/Editor/Data/Managed'
Mono path[1] = 'E:/Unity/2021.3.26f1c1/Editor/Data/MonoBleedingEdge/lib/mono/unityjit-win32'
Mono config path = 'E:/Unity/2021.3.26f1c1/Editor/Data/MonoBleedingEdge/etc'
Using monoOptions --debugger-agent=transport=dt_socket,embedding=1,server=y,suspend=n,address=127.0.0.1:56136
Begin MonoManager ReloadAssembly
Registering precompiled unity dll's ...
Register platform support module: E:/Unity/2021.3.26f1c1/Editor/Data/PlaybackEngines/WebGLSupport/UnityEditor.WebGL.Extensions.dll
Register platform support module: E:/Unity/2021.3.26f1c1/Editor/Data/PlaybackEngines/AndroidPlayer/UnityEditor.Android.Extensions.dll
Register platform support module: E:/Unity/2021.3.26f1c1/Editor/Data/PlaybackEngines/iOSSupport/UnityEditor.iOS.Extensions.dll
Register platform support module: E:/Unity/2021.3.26f1c1/Editor/Data/PlaybackEngines/WindowsStandaloneSupport/UnityEditor.WindowsStandalone.Extensions.dll
Registered in 0.004289 seconds.
Native extension for WindowsStandalone target not found
Native extension for iOS target not found
Native extension for Android target not found
Android Extension - Scanning For ADB Devices 301 ms
Native extension for WebGL target not found
Refreshing native plugins compatible for Editor in 49.34 ms, found 3 plugins.
Preloading 0 native plugins for Editor in 0.00 ms.
Mono: successfully reloaded assembly
- Completed reload, in  0.801 seconds
Domain Reload Profiling:
	ReloadAssembly (801ms)
		BeginReloadAssembly (64ms)
			ExecutionOrderSort (0ms)
			DisableScriptedObjects (0ms)
			BackupInstance (0ms)
			ReleaseScriptingObjects (0ms)
			CreateAndSetChildDomain (0ms)
		EndReloadAssembly (663ms)
			LoadAssemblies (62ms)
			RebuildTransferFunctionScriptingTraits (0ms)
			SetupTypeCache (73ms)
			ReleaseScriptCaches (0ms)
			RebuildScriptCaches (20ms)
			SetupLoadedEditorAssemblies (529ms)
				LogAssemblyErrors (0ms)
				InitializePlatformSupportModulesInManaged (378ms)
				SetLoadedEditorAssemblies (0ms)
				RefreshPlugins (49ms)
				BeforeProcessingInitializeOnLoad (1ms)
				ProcessInitializeOnLoadAttributes (65ms)
				ProcessInitializeOnLoadMethodAttributes (34ms)
				AfterProcessingInitializeOnLoad (0ms)
				EditorAssembliesLoaded (0ms)
			ExecutionOrderSort2 (0ms)
			AwakeInstancesAfterBackupRestoration (0ms)
Platform modules already initialized, skipping
Registering precompiled user dll's ...
Registered in 0.007313 seconds.
Begin MonoManager ReloadAssembly
Native extension for WindowsStandalone target not found
Native extension for iOS target not found
Native extension for Android target not found
Native extension for WebGL target not found
Refreshing native plugins compatible for Editor in 0.59 ms, found 3 plugins.
Preloading 0 native plugins for Editor in 0.00 ms.
Mono: successfully reloaded assembly
- Completed reload, in  0.839 seconds
Domain Reload Profiling:
	ReloadAssembly (839ms)
		BeginReloadAssembly (100ms)
			ExecutionOrderSort (0ms)
			DisableScriptedObjects (5ms)
			BackupInstance (0ms)
			ReleaseScriptingObjects (0ms)
			CreateAndSetChildDomain (17ms)
		EndReloadAssembly (657ms)
			LoadAssemblies (66ms)
			RebuildTransferFunctionScriptingTraits (0ms)
			SetupTypeCache (145ms)
			ReleaseScriptCaches (1ms)
			RebuildScriptCaches (34ms)
			SetupLoadedEditorAssemblies (384ms)
				LogAssemblyErrors (0ms)
				InitializePlatformSupportModulesInManaged (22ms)
				SetLoadedEditorAssemblies (0ms)
				RefreshPlugins (1ms)
				BeforeProcessingInitializeOnLoad (56ms)
				ProcessInitializeOnLoadAttributes (284ms)
				ProcessInitializeOnLoadMethodAttributes (14ms)
				AfterProcessingInitializeOnLoad (7ms)
				EditorAssembliesLoaded (0ms)
			ExecutionOrderSort2 (0ms)
			AwakeInstancesAfterBackupRestoration (7ms)
Platform modules already initialized, skipping
========================================================================
Worker process is ready to serve import requests
Launched and connected shader compiler UnityShaderCompiler.exe after 0.04 seconds
Refreshing native plugins compatible for Editor in 0.53 ms, found 3 plugins.
Preloading 0 native plugins for Editor in 0.00 ms.
Unloading 3081 Unused Serialized files (Serialized files now loaded: 0)
Unloading 34 unused Assets / (357.3 KB). Loaded Objects now: 3546.
Memory consumption went from 113.7 MB to 113.3 MB.
Total: 2.953900 ms (FindLiveObjects: 0.178200 ms CreateObjectMapping: 0.082400 ms MarkObjects: 2.624000 ms  DeleteObjects: 0.068700 ms)

AssetImportParameters requested are different than current active one (requested -> active):
  custom:video-decoder-ogg-theora: a1e56fd34408186e4bbccfd4996cb3dc -> 
  custom:container-muxer-webm: aa71ff27fc2769a1b78a27578f13a17b -> 
  custom:container-demuxer-webm: 4f35f7cbe854078d1ac9338744f61a02 -> 
  custom:video-encoder-webm-vp8: eb34c28f22e8b96e1ab97ce403110664 -> 
  custom:video-codec-MediaFoundation-h265: 746d11721c4dcdbdad8f713fa42b33f4 -> 
  custom:audio-encoder-webm-vorbis: bf7c407c2cedff20999df2af8eb42d56 -> 
  custom:framework-win-MediaFoundation: 216162199b28c13a410421893ffa2e32 -> 
  custom:container-demuxer-ogg: 62fdf1f143b41e24485cea50d1cbac27 -> 
  custom:video-decoder-webm-vp8: 9c59270c3fd7afecdb556c50c9e8de78 -> 
  custom:audio-decoder-ogg-vorbis: bf7c407c2cedff20999df2af8eb42d56 -> 
========================================================================
Received Import Request.
  Time since last request: 260714.274926 seconds.
  path: Assets/角色攻击/角色攻击/拳风右/拳风右02.PNG
  artifactKey: Guid(5ee1511b864553f4dad9e8acd4503868) Importer(815301076,1909f56bfc062723c751e8b465ee728b)
Start importing Assets/角色攻击/角色攻击/拳风右/拳风右02.PNG using Guid(5ee1511b864553f4dad9e8acd4503868) Importer(815301076,1909f56bfc062723c751e8b465ee728b)  -> (artifact id: '3d1b442ce6253246d29c8cf9cc81a377') in 0.149825 seconds 
========================================================================
Received Import Request.
  Time since last request: 0.000024 seconds.
  path: Assets/角色攻击/角色攻击/拳风右/拳风右03.PNG
  artifactKey: Guid(a503fc5f764ad4a4e9f4874e40d6de89) Importer(815301076,1909f56bfc062723c751e8b465ee728b)
Start importing Assets/角色攻击/角色攻击/拳风右/拳风右03.PNG using Guid(a503fc5f764ad4a4e9f4874e40d6de89) Importer(815301076,1909f56bfc062723c751e8b465ee728b)  -> (artifact id: '0233d1f906803e9a4f3d53027469db2f') in 0.052737 seconds 
========================================================================
Received Import Request.
  Time since last request: 0.000029 seconds.
  path: Assets/角色攻击/角色攻击/拳风右/拳风右10.PNG
  artifactKey: Guid(37eda7afee348fd4b91f34115f2f00bc) Importer(815301076,1909f56bfc062723c751e8b465ee728b)
Start importing Assets/角色攻击/角色攻击/拳风右/拳风右10.PNG using Guid(37eda7afee348fd4b91f34115f2f00bc) Importer(815301076,1909f56bfc062723c751e8b465ee728b)  -> (artifact id: 'dc78d5a37a48323f9997994badd8f450') in 0.049765 seconds 
========================================================================
Received Import Request.
  Time since last request: 0.000019 seconds.
  path: Assets/角色攻击/角色攻击/拳风右/拳风右06.PNG
  artifactKey: Guid(c5250df450ac1464888d551041a320b4) Importer(815301076,1909f56bfc062723c751e8b465ee728b)
Start importing Assets/角色攻击/角色攻击/拳风右/拳风右06.PNG using Guid(c5250df450ac1464888d551041a320b4) Importer(815301076,1909f56bfc062723c751e8b465ee728b)  -> (artifact id: 'f668bbbbb483f424e1eda7091c47029c') in 0.049816 seconds 
========================================================================
Received Import Request.
  Time since last request: 0.000024 seconds.
  path: Assets/角色攻击/角色攻击/拳风右/拳风右11.PNG
  artifactKey: Guid(82e7aee3afa5f1b4abea1a731fbfc85a) Importer(815301076,1909f56bfc062723c751e8b465ee728b)
Start importing Assets/角色攻击/角色攻击/拳风右/拳风右11.PNG using Guid(82e7aee3afa5f1b4abea1a731fbfc85a) Importer(815301076,1909f56bfc062723c751e8b465ee728b)  -> (artifact id: '624456725650322cb2f06b3b12e8117b') in 0.050825 seconds 
========================================================================
Received Import Request.
  Time since last request: 6.721696 seconds.
  path: Assets/角色攻击/角色攻击/踢击右/踢击右3.PNG
  artifactKey: Guid(585ae5012b837e54fb1bf8a09ef11b90) Importer(815301076,1909f56bfc062723c751e8b465ee728b)
Start importing Assets/角色攻击/角色攻击/踢击右/踢击右3.PNG using Guid(585ae5012b837e54fb1bf8a09ef11b90) Importer(815301076,1909f56bfc062723c751e8b465ee728b)  -> (artifact id: '8a07f18856ae15d705bf1c0f62d10b18') in 0.044521 seconds 
========================================================================
Received Import Request.
  Time since last request: 0.000022 seconds.
  path: Assets/角色攻击/角色攻击/踢击右/踢击右7.PNG
  artifactKey: Guid(71035b394d4a41745aa30bd9d763c33a) Importer(815301076,1909f56bfc062723c751e8b465ee728b)
Start importing Assets/角色攻击/角色攻击/踢击右/踢击右7.PNG using Guid(71035b394d4a41745aa30bd9d763c33a) Importer(815301076,1909f56bfc062723c751e8b465ee728b)  -> (artifact id: '5ed79116cc5aafbafce2182ee86a0b01') in 0.063630 seconds 
========================================================================
Received Import Request.
  Time since last request: 0.000026 seconds.
  path: Assets/角色攻击/角色攻击/踢击右/踢击右6.PNG
  artifactKey: Guid(e3e21a1bdbc97e8489ce3d31ebca1fcc) Importer(815301076,1909f56bfc062723c751e8b465ee728b)
Start importing Assets/角色攻击/角色攻击/踢击右/踢击右6.PNG using Guid(e3e21a1bdbc97e8489ce3d31ebca1fcc) Importer(815301076,1909f56bfc062723c751e8b465ee728b)  -> (artifact id: '556244d2db5a66bf1f8553aa40df892e') in 0.049064 seconds 
========================================================================
Received Import Request.
  Time since last request: 211.361763 seconds.
  path: Assets/角色攻击/角色攻击/拳风右/AttackRight.anim
  artifactKey: Guid(73a26c4f03fad9443be7ff6f0c5f33e8) Importer(815301076,1909f56bfc062723c751e8b465ee728b)
Start importing Assets/角色攻击/角色攻击/拳风右/AttackRight.anim using Guid(73a26c4f03fad9443be7ff6f0c5f33e8) Importer(815301076,1909f56bfc062723c751e8b465ee728b)  -> (artifact id: '9066294212e29228d45e2ebe6e7d7f96') in 0.009131 seconds 
========================================================================
Received Import Request.
  Time since last request: 8.823610 seconds.
  path: Assets/角色攻击/角色攻击/拳风左
  artifactKey: Guid(f957c044f0602f84d8a03b148787ef4c) Importer(815301076,1909f56bfc062723c751e8b465ee728b)
Start importing Assets/角色攻击/角色攻击/拳风左 using Guid(f957c044f0602f84d8a03b148787ef4c) Importer(815301076,1909f56bfc062723c751e8b465ee728b)  -> (artifact id: '9762602b3baba858d17bc1432e1b3936') in 0.001783 seconds 
========================================================================
Received Import Request.
  Time since last request: 0.045996 seconds.
  path: Assets/角色攻击/角色攻击/拳风左/拳风左01.PNG
  artifactKey: Guid(356cffdc50f06bb4d832420fa039c22a) Importer(815301076,1909f56bfc062723c751e8b465ee728b)
Start importing Assets/角色攻击/角色攻击/拳风左/拳风左01.PNG using Guid(356cffdc50f06bb4d832420fa039c22a) Importer(815301076,1909f56bfc062723c751e8b465ee728b)  -> (artifact id: 'fae3bd880858b973f5cf726df2819a97') in 0.055718 seconds 
========================================================================
Received Import Request.
  Time since last request: 0.000023 seconds.
  path: Assets/角色攻击/角色攻击/拳风左/拳风左09.PNG
  artifactKey: Guid(558d904031e55cf448be134c8aa2e964) Importer(815301076,1909f56bfc062723c751e8b465ee728b)
Start importing Assets/角色攻击/角色攻击/拳风左/拳风左09.PNG using Guid(558d904031e55cf448be134c8aa2e964) Importer(815301076,1909f56bfc062723c751e8b465ee728b)  -> (artifact id: '8d567c0e86252c64b52f7b55d9c5675d') in 0.047522 seconds 
========================================================================
Received Import Request.
  Time since last request: 0.000020 seconds.
  path: Assets/角色攻击/角色攻击/拳风左/拳风左04.PNG
  artifactKey: Guid(2b0cc9ca729e93c4c9f91313e802f515) Importer(815301076,1909f56bfc062723c751e8b465ee728b)
Start importing Assets/角色攻击/角色攻击/拳风左/拳风左04.PNG using Guid(2b0cc9ca729e93c4c9f91313e802f515) Importer(815301076,1909f56bfc062723c751e8b465ee728b)  -> (artifact id: '6333b3071afd22f826af367f739d17e2') in 0.064650 seconds 
========================================================================
Received Import Request.
  Time since last request: 0.000034 seconds.
  path: Assets/角色攻击/角色攻击/拳风左/拳风左07.PNG
  artifactKey: Guid(1296f51814d223b4397b25a248c3a6a9) Importer(815301076,1909f56bfc062723c751e8b465ee728b)
Start importing Assets/角色攻击/角色攻击/拳风左/拳风左07.PNG using Guid(1296f51814d223b4397b25a248c3a6a9) Importer(815301076,1909f56bfc062723c751e8b465ee728b)  -> (artifact id: '315c80fa6dcb2c51abf0715b87bb323c') in 0.051299 seconds 
========================================================================
Received Import Request.
  Time since last request: 0.000021 seconds.
  path: Assets/角色攻击/角色攻击/拳风左/拳风左08.PNG
  artifactKey: Guid(5dce9f1f9947b574b9bac3dfdc329272) Importer(815301076,1909f56bfc062723c751e8b465ee728b)
Start importing Assets/角色攻击/角色攻击/拳风左/拳风左08.PNG using Guid(5dce9f1f9947b574b9bac3dfdc329272) Importer(815301076,1909f56bfc062723c751e8b465ee728b)  -> (artifact id: '5555d86782f11e11732f67470ee4a5d2') in 0.052280 seconds 
========================================================================
Received Import Request.
  Time since last request: 0.000020 seconds.
  path: Assets/角色攻击/角色攻击/拳风左/拳风左03.PNG
  artifactKey: Guid(14b8e1ce67cffe544a65edd399162955) Importer(815301076,1909f56bfc062723c751e8b465ee728b)
Start importing Assets/角色攻击/角色攻击/拳风左/拳风左03.PNG using Guid(14b8e1ce67cffe544a65edd399162955) Importer(815301076,1909f56bfc062723c751e8b465ee728b)  -> (artifact id: '5daced146c316f0d3ffbb88784a707b2') in 0.047899 seconds 
Editor requested this worker to shutdown with reason: Scaling down because of idle timeout
AssetImportWorker is now disconnected from the server
Process exiting
Exiting without the bug reporter. Application will terminate with return code 0