Using pre-set license
Built from '2021.3/china_unity/release' branch; Version is '2021.3.26f1c1 (19b503b0ef33) revision 1684739'; Using compiler version '192829333'; Build Type 'Release'
OS: 'Windows 11  (10.0.22621) 64bit Professional' Language: 'zh' Physical Memory: 32652 MB
BatchMode: 1, IsHumanControllingUs: 0, StartBugReporterOnCrash: 0, Is64bit: 1, IsPro: 1

COMMAND LINE ARGUMENTS:
E:\Unity\2021.3.26f1c1\Editor\Unity.exe
-adb2
-batchMode
-noUpm
-name
AssetImportWorker4
-projectPath
E:/Unity/progect/OneBUtton
-logFile
Logs/AssetImportWorker4.log
-srvPort
58649
Successfully changed project path to: E:/Unity/progect/OneBUtton
E:/Unity/progect/OneBUtton
[UnityMemory] Configuration Parameters - Can be set up in boot.config
    "memorysetup-bucket-allocator-granularity=16"
    "memorysetup-bucket-allocator-bucket-count=8"
    "memorysetup-bucket-allocator-block-size=33554432"
    "memorysetup-bucket-allocator-block-count=8"
    "memorysetup-main-allocator-block-size=16777216"
    "memorysetup-thread-allocator-block-size=16777216"
    "memorysetup-gfx-main-allocator-block-size=16777216"
    "memorysetup-gfx-thread-allocator-block-size=16777216"
    "memorysetup-cache-allocator-block-size=4194304"
    "memorysetup-typetree-allocator-block-size=2097152"
    "memorysetup-profiler-bucket-allocator-granularity=16"
    "memorysetup-profiler-bucket-allocator-bucket-count=8"
    "memorysetup-profiler-bucket-allocator-block-size=33554432"
    "memorysetup-profiler-bucket-allocator-block-count=8"
    "memorysetup-profiler-allocator-block-size=16777216"
    "memorysetup-profiler-editor-allocator-block-size=1048576"
    "memorysetup-temp-allocator-size-main=16777216"
    "memorysetup-job-temp-allocator-block-size=2097152"
    "memorysetup-job-temp-allocator-block-size-background=1048576"
    "memorysetup-job-temp-allocator-reduction-small-platforms=262144"
    "memorysetup-temp-allocator-size-background-worker=32768"
    "memorysetup-temp-allocator-size-job-worker=262144"
    "memorysetup-temp-allocator-size-preload-manager=33554432"
    "memorysetup-temp-allocator-size-nav-mesh-worker=65536"
    "memorysetup-temp-allocator-size-audio-worker=65536"
    "memorysetup-temp-allocator-size-cloud-worker=32768"
    "memorysetup-temp-allocator-size-gi-baking-worker=262144"
    "memorysetup-temp-allocator-size-gfx=262144"
Player connection [16164] Host "[IP] 192.168.56.1 [Port] 0 [Flags] 2 [Guid] 2941422975 [EditorId] 2941422975 [Version] 1048832 [Id] WindowsEditor(7,my_abstract) [Debug] 1 [PackageName] WindowsEditor [ProjectName] Editor" joined multi-casting on [225.0.0.222:54997]...

Player connection [16164] Host "[IP] 192.168.56.1 [Port] 0 [Flags] 2 [Guid] 2941422975 [EditorId] 2941422975 [Version] 1048832 [Id] WindowsEditor(7,my_abstract) [Debug] 1 [PackageName] WindowsEditor [ProjectName] Editor" joined alternative multi-casting on [225.0.0.222:34997]...

AS: AutoStreaming module initializing.
Refreshing native plugins compatible for Editor in 57.62 ms, found 3 plugins.
Preloading 0 native plugins for Editor in 0.00 ms.
Initialize engine version: 2021.3.26f1c1 (19b503b0ef33)
[Subsystems] Discovering subsystems at path E:/Unity/2021.3.26f1c1/Editor/Data/Resources/UnitySubsystems
[Subsystems] Discovering subsystems at path E:/Unity/progect/OneBUtton/Assets
GfxDevice: creating device client; threaded=0; jobified=0
Direct3D:
    Version:  Direct3D 11.0 [level 11.1]
    Renderer: NVIDIA GeForce RTX 3060 Ti (ID=0x24c9)
    Vendor:   NVIDIA
    VRAM:     8038 MB
    Driver:   31.0.15.3598
Initialize mono
Mono path[0] = 'E:/Unity/2021.3.26f1c1/Editor/Data/Managed'
Mono path[1] = 'E:/Unity/2021.3.26f1c1/Editor/Data/MonoBleedingEdge/lib/mono/unityjit-win32'
Mono config path = 'E:/Unity/2021.3.26f1c1/Editor/Data/MonoBleedingEdge/etc'
Using monoOptions --debugger-agent=transport=dt_socket,embedding=1,server=y,suspend=n,address=127.0.0.1:56372
Begin MonoManager ReloadAssembly
Registering precompiled unity dll's ...
Register platform support module: E:/Unity/2021.3.26f1c1/Editor/Data/PlaybackEngines/WebGLSupport/UnityEditor.WebGL.Extensions.dll
Register platform support module: E:/Unity/2021.3.26f1c1/Editor/Data/PlaybackEngines/AndroidPlayer/UnityEditor.Android.Extensions.dll
Register platform support module: E:/Unity/2021.3.26f1c1/Editor/Data/PlaybackEngines/iOSSupport/UnityEditor.iOS.Extensions.dll
Register platform support module: E:/Unity/2021.3.26f1c1/Editor/Data/PlaybackEngines/WindowsStandaloneSupport/UnityEditor.WindowsStandalone.Extensions.dll
Registered in 0.004663 seconds.
Native extension for WindowsStandalone target not found
[usbmuxd] Start listen thread
[usbmuxd] Listen thread started
Native extension for iOS target not found
Native extension for Android target not found
Android Extension - Scanning For ADB Devices 329 ms
Native extension for WebGL target not found
Refreshing native plugins compatible for Editor in 54.66 ms, found 3 plugins.
Preloading 0 native plugins for Editor in 0.00 ms.
Mono: successfully reloaded assembly
- Completed reload, in  0.909 seconds
Domain Reload Profiling:
	ReloadAssembly (909ms)
		BeginReloadAssembly (90ms)
			ExecutionOrderSort (0ms)
			DisableScriptedObjects (0ms)
			BackupInstance (0ms)
			ReleaseScriptingObjects (0ms)
			CreateAndSetChildDomain (1ms)
		EndReloadAssembly (730ms)
			LoadAssemblies (88ms)
			RebuildTransferFunctionScriptingTraits (0ms)
			SetupTypeCache (86ms)
			ReleaseScriptCaches (0ms)
			RebuildScriptCaches (22ms)
			SetupLoadedEditorAssemblies (576ms)
				LogAssemblyErrors (0ms)
				InitializePlatformSupportModulesInManaged (410ms)
				SetLoadedEditorAssemblies (0ms)
				RefreshPlugins (55ms)
				BeforeProcessingInitializeOnLoad (1ms)
				ProcessInitializeOnLoadAttributes (70ms)
				ProcessInitializeOnLoadMethodAttributes (40ms)
				AfterProcessingInitializeOnLoad (0ms)
				EditorAssembliesLoaded (0ms)
			ExecutionOrderSort2 (0ms)
			AwakeInstancesAfterBackupRestoration (0ms)
Platform modules already initialized, skipping
Registering precompiled user dll's ...
Registered in 0.007893 seconds.
Begin MonoManager ReloadAssembly
Symbol file LoadedFromMemory doesn't match image E:\Unity\progect\OneBUtton\Library\PackageCache\com.unity.visualscripting@1.8.0\Editor\VisualScripting.Core\Dependencies\YamlDotNet\Unity.VisualScripting.YamlDotNet.dll
Symbol file LoadedFromMemory doesn't match image E:\Unity\progect\OneBUtton\Library\PackageCache\com.unity.visualscripting@1.8.0\Editor\VisualScripting.Core\Dependencies\DotNetZip\Unity.VisualScripting.IonicZip.dll
Native extension for WindowsStandalone target not found
Native extension for iOS target not found
Native extension for Android target not found
Native extension for WebGL target not found
Refreshing native plugins compatible for Editor in 0.53 ms, found 3 plugins.
Preloading 0 native plugins for Editor in 0.00 ms.
Mono: successfully reloaded assembly
- Completed reload, in  0.905 seconds
Domain Reload Profiling:
	ReloadAssembly (906ms)
		BeginReloadAssembly (105ms)
			ExecutionOrderSort (0ms)
			DisableScriptedObjects (5ms)
			BackupInstance (0ms)
			ReleaseScriptingObjects (0ms)
			CreateAndSetChildDomain (17ms)
		EndReloadAssembly (716ms)
			LoadAssemblies (72ms)
			RebuildTransferFunctionScriptingTraits (0ms)
			SetupTypeCache (171ms)
			ReleaseScriptCaches (1ms)
			RebuildScriptCaches (39ms)
			SetupLoadedEditorAssemblies (402ms)
				LogAssemblyErrors (0ms)
				InitializePlatformSupportModulesInManaged (23ms)
				SetLoadedEditorAssemblies (0ms)
				RefreshPlugins (1ms)
				BeforeProcessingInitializeOnLoad (56ms)
				ProcessInitializeOnLoadAttributes (298ms)
				ProcessInitializeOnLoadMethodAttributes (15ms)
				AfterProcessingInitializeOnLoad (9ms)
				EditorAssembliesLoaded (0ms)
			ExecutionOrderSort2 (0ms)
			AwakeInstancesAfterBackupRestoration (7ms)
Platform modules already initialized, skipping
========================================================================
Worker process is ready to serve import requests
Launched and connected shader compiler UnityShaderCompiler.exe after 0.05 seconds
Refreshing native plugins compatible for Editor in 0.50 ms, found 3 plugins.
Preloading 0 native plugins for Editor in 0.00 ms.
Unloading 3087 Unused Serialized files (Serialized files now loaded: 0)
Unloading 34 unused Assets / (357.0 KB). Loaded Objects now: 3553.
Memory consumption went from 113.9 MB to 113.6 MB.
Total: 2.990400 ms (FindLiveObjects: 0.211800 ms CreateObjectMapping: 0.082800 ms MarkObjects: 2.623600 ms  DeleteObjects: 0.071400 ms)

AssetImportParameters requested are different than current active one (requested -> active):
  custom:video-decoder-ogg-theora: a1e56fd34408186e4bbccfd4996cb3dc -> 
  custom:container-muxer-webm: aa71ff27fc2769a1b78a27578f13a17b -> 
  custom:container-demuxer-webm: 4f35f7cbe854078d1ac9338744f61a02 -> 
  custom:video-encoder-webm-vp8: eb34c28f22e8b96e1ab97ce403110664 -> 
  custom:video-codec-MediaFoundation-h265: 746d11721c4dcdbdad8f713fa42b33f4 -> 
  custom:audio-encoder-webm-vorbis: bf7c407c2cedff20999df2af8eb42d56 -> 
  custom:framework-win-MediaFoundation: 216162199b28c13a410421893ffa2e32 -> 
  custom:container-demuxer-ogg: 62fdf1f143b41e24485cea50d1cbac27 -> 
  custom:video-decoder-webm-vp8: 9c59270c3fd7afecdb556c50c9e8de78 -> 
  custom:audio-decoder-ogg-vorbis: bf7c407c2cedff20999df2af8eb42d56 -> 
========================================================================
Received Import Request.
  Time since last request: 358279.608290 seconds.
  path: Assets/怪物生长/怪物/怪物1/生长右/IMG_0857.PNG
  artifactKey: Guid(1b9bf7b20bbbf9e439616296d067329b) Importer(815301076,1909f56bfc062723c751e8b465ee728b)
Start importing Assets/怪物生长/怪物/怪物1/生长右/IMG_0857.PNG using Guid(1b9bf7b20bbbf9e439616296d067329b) Importer(815301076,1909f56bfc062723c751e8b465ee728b)  -> (artifact id: '0a63b72e1efb109a05f83f4a2acb7383') in 0.133909 seconds 
========================================================================
Received Prepare
Registering precompiled user dll's ...
Registered in 0.008059 seconds.
Begin MonoManager ReloadAssembly
Symbol file LoadedFromMemory doesn't match image E:\Unity\progect\OneBUtton\Library\PackageCache\com.unity.visualscripting@1.8.0\Editor\VisualScripting.Core\Dependencies\YamlDotNet\Unity.VisualScripting.YamlDotNet.dll
Symbol file LoadedFromMemory doesn't match image E:\Unity\progect\OneBUtton\Library\PackageCache\com.unity.visualscripting@1.8.0\Editor\VisualScripting.Core\Dependencies\DotNetZip\Unity.VisualScripting.IonicZip.dll
Native extension for WindowsStandalone target not found
Native extension for iOS target not found
Native extension for Android target not found
Native extension for WebGL target not found
Refreshing native plugins compatible for Editor in 0.85 ms, found 3 plugins.
Preloading 0 native plugins for Editor in 0.00 ms.
Mono: successfully reloaded assembly
- Completed reload, in  1.008 seconds
Domain Reload Profiling:
	ReloadAssembly (1009ms)
		BeginReloadAssembly (130ms)
			ExecutionOrderSort (0ms)
			DisableScriptedObjects (3ms)
			BackupInstance (0ms)
			ReleaseScriptingObjects (0ms)
			CreateAndSetChildDomain (34ms)
		EndReloadAssembly (789ms)
			LoadAssemblies (84ms)
			RebuildTransferFunctionScriptingTraits (0ms)
			SetupTypeCache (179ms)
			ReleaseScriptCaches (1ms)
			RebuildScriptCaches (38ms)
			SetupLoadedEditorAssemblies (451ms)
				LogAssemblyErrors (0ms)
				InitializePlatformSupportModulesInManaged (31ms)
				SetLoadedEditorAssemblies (0ms)
				RefreshPlugins (1ms)
				BeforeProcessingInitializeOnLoad (53ms)
				ProcessInitializeOnLoadAttributes (336ms)
				ProcessInitializeOnLoadMethodAttributes (18ms)
				AfterProcessingInitializeOnLoad (12ms)
				EditorAssembliesLoaded (0ms)
			ExecutionOrderSort2 (0ms)
			AwakeInstancesAfterBackupRestoration (10ms)
Platform modules already initialized, skipping
Refreshing native plugins compatible for Editor in 2.93 ms, found 3 plugins.
Preloading 0 native plugins for Editor in 0.00 ms.
Unloading 3080 Unused Serialized files (Serialized files now loaded: 0)
Unloading 15 unused Assets / (95.4 KB). Loaded Objects now: 3574.
Memory consumption went from 113.1 MB to 113.0 MB.
Total: 2.956500 ms (FindLiveObjects: 0.212300 ms CreateObjectMapping: 0.064600 ms MarkObjects: 2.643400 ms  DeleteObjects: 0.035600 ms)

AssetImportParameters requested are different than current active one (requested -> active):
  custom:video-decoder-ogg-theora: a1e56fd34408186e4bbccfd4996cb3dc -> 
  custom:container-muxer-webm: aa71ff27fc2769a1b78a27578f13a17b -> 
  custom:container-demuxer-webm: 4f35f7cbe854078d1ac9338744f61a02 -> 
  custom:video-encoder-webm-vp8: eb34c28f22e8b96e1ab97ce403110664 -> 
  custom:video-codec-MediaFoundation-h265: 746d11721c4dcdbdad8f713fa42b33f4 -> 
  custom:audio-encoder-webm-vorbis: bf7c407c2cedff20999df2af8eb42d56 -> 
  custom:framework-win-MediaFoundation: 216162199b28c13a410421893ffa2e32 -> 
  custom:container-demuxer-ogg: 62fdf1f143b41e24485cea50d1cbac27 -> 
  custom:video-decoder-webm-vp8: 9c59270c3fd7afecdb556c50c9e8de78 -> 
  custom:audio-decoder-ogg-vorbis: bf7c407c2cedff20999df2af8eb42d56 -> 
========================================================================
Received Import Request.
  Time since last request: 36.353855 seconds.
  path: Assets/怪物生长/怪物/怪物1/生长左/IMG_0849.PNG
  artifactKey: Guid(d141dc6831a111540be1c58567688ddf) Importer(815301076,1909f56bfc062723c751e8b465ee728b)
Start importing Assets/怪物生长/怪物/怪物1/生长左/IMG_0849.PNG using Guid(d141dc6831a111540be1c58567688ddf) Importer(815301076,1909f56bfc062723c751e8b465ee728b)  -> (artifact id: '4dd6eda03f5a3db6c695f647fd763a50') in 0.050974 seconds 
========================================================================
Received Prepare
Registering precompiled user dll's ...
Registered in 0.007779 seconds.
Begin MonoManager ReloadAssembly
Symbol file LoadedFromMemory doesn't match image E:\Unity\progect\OneBUtton\Library\PackageCache\com.unity.visualscripting@1.8.0\Editor\VisualScripting.Core\Dependencies\YamlDotNet\Unity.VisualScripting.YamlDotNet.dll
Symbol file LoadedFromMemory doesn't match image E:\Unity\progect\OneBUtton\Library\PackageCache\com.unity.visualscripting@1.8.0\Editor\VisualScripting.Core\Dependencies\DotNetZip\Unity.VisualScripting.IonicZip.dll
Native extension for WindowsStandalone target not found
Native extension for iOS target not found
Native extension for Android target not found
Native extension for WebGL target not found
Refreshing native plugins compatible for Editor in 0.74 ms, found 3 plugins.
Preloading 0 native plugins for Editor in 0.00 ms.
Mono: successfully reloaded assembly
- Completed reload, in  0.866 seconds
Domain Reload Profiling:
	ReloadAssembly (867ms)
		BeginReloadAssembly (129ms)
			ExecutionOrderSort (0ms)
			DisableScriptedObjects (3ms)
			BackupInstance (0ms)
			ReleaseScriptingObjects (0ms)
			CreateAndSetChildDomain (31ms)
		EndReloadAssembly (663ms)
			LoadAssemblies (84ms)
			RebuildTransferFunctionScriptingTraits (0ms)
			SetupTypeCache (153ms)
			ReleaseScriptCaches (1ms)
			RebuildScriptCaches (33ms)
			SetupLoadedEditorAssemblies (359ms)
				LogAssemblyErrors (0ms)
				InitializePlatformSupportModulesInManaged (24ms)
				SetLoadedEditorAssemblies (0ms)
				RefreshPlugins (1ms)
				BeforeProcessingInitializeOnLoad (44ms)
				ProcessInitializeOnLoadAttributes (266ms)
				ProcessInitializeOnLoadMethodAttributes (14ms)
				AfterProcessingInitializeOnLoad (9ms)
				EditorAssembliesLoaded (0ms)
			ExecutionOrderSort2 (0ms)
			AwakeInstancesAfterBackupRestoration (9ms)
Platform modules already initialized, skipping
Refreshing native plugins compatible for Editor in 2.03 ms, found 3 plugins.
Preloading 0 native plugins for Editor in 0.00 ms.
Unloading 3080 Unused Serialized files (Serialized files now loaded: 0)
Unloading 15 unused Assets / (95.4 KB). Loaded Objects now: 3589.
Memory consumption went from 113.1 MB to 113.0 MB.
Total: 2.892100 ms (FindLiveObjects: 0.215600 ms CreateObjectMapping: 0.064100 ms MarkObjects: 2.577800 ms  DeleteObjects: 0.033800 ms)

AssetImportParameters requested are different than current active one (requested -> active):
  custom:video-decoder-ogg-theora: a1e56fd34408186e4bbccfd4996cb3dc -> 
  custom:container-muxer-webm: aa71ff27fc2769a1b78a27578f13a17b -> 
  custom:container-demuxer-webm: 4f35f7cbe854078d1ac9338744f61a02 -> 
  custom:video-encoder-webm-vp8: eb34c28f22e8b96e1ab97ce403110664 -> 
  custom:video-codec-MediaFoundation-h265: 746d11721c4dcdbdad8f713fa42b33f4 -> 
  custom:audio-encoder-webm-vorbis: bf7c407c2cedff20999df2af8eb42d56 -> 
  custom:framework-win-MediaFoundation: 216162199b28c13a410421893ffa2e32 -> 
  custom:container-demuxer-ogg: 62fdf1f143b41e24485cea50d1cbac27 -> 
  custom:video-decoder-webm-vp8: 9c59270c3fd7afecdb556c50c9e8de78 -> 
  custom:audio-decoder-ogg-vorbis: bf7c407c2cedff20999df2af8eb42d56 -> 
========================================================================
Received Import Request.
  Time since last request: 9.685794 seconds.
  path: Assets/怪物生长/怪物/怪物1/生长左/IMG_0851.PNG
  artifactKey: Guid(1da941399be34b943b64f97b0f214117) Importer(815301076,1909f56bfc062723c751e8b465ee728b)
Start importing Assets/怪物生长/怪物/怪物1/生长左/IMG_0851.PNG using Guid(1da941399be34b943b64f97b0f214117) Importer(815301076,1909f56bfc062723c751e8b465ee728b)  -> (artifact id: '3718a859ba29a4deca05b744843f1b09') in 0.053131 seconds 
========================================================================
Received Import Request.
  Time since last request: 0.076602 seconds.
  path: Assets/怪物生长/怪物/怪物1/生长左/IMG_0849.PNG
  artifactKey: Guid(d141dc6831a111540be1c58567688ddf) Importer(815301076,1909f56bfc062723c751e8b465ee728b)
Start importing Assets/怪物生长/怪物/怪物1/生长左/IMG_0849.PNG using Guid(d141dc6831a111540be1c58567688ddf) Importer(815301076,1909f56bfc062723c751e8b465ee728b)  -> (artifact id: '39164c888806ec7238ac9b53e9bf6af2') in 0.027106 seconds 
========================================================================
Received Import Request.
  Time since last request: 0.000027 seconds.
  path: Assets/怪物生长/怪物/怪物1/生长左/IMG_0856.PNG
  artifactKey: Guid(94b4f4a4c42643349806562e077e435d) Importer(815301076,1909f56bfc062723c751e8b465ee728b)
Start importing Assets/怪物生长/怪物/怪物1/生长左/IMG_0856.PNG using Guid(94b4f4a4c42643349806562e077e435d) Importer(815301076,1909f56bfc062723c751e8b465ee728b)  -> (artifact id: 'b1f317578eaeada3580f902652a73a56') in 0.031161 seconds 
========================================================================
Received Import Request.
  Time since last request: 0.000018 seconds.
  path: Assets/怪物生长/怪物/怪物1/生长左/IMG_0854.PNG
  artifactKey: Guid(4b3189363c56f5146af01138cf298c35) Importer(815301076,1909f56bfc062723c751e8b465ee728b)
Start importing Assets/怪物生长/怪物/怪物1/生长左/IMG_0854.PNG using Guid(4b3189363c56f5146af01138cf298c35) Importer(815301076,1909f56bfc062723c751e8b465ee728b)  -> (artifact id: '77a81a720139cfd6c1d3600da8a90d3e') in 0.028896 seconds 
========================================================================
Received Import Request.
  Time since last request: 33.814730 seconds.
  path: Assets/怪物生长/怪物/怪物1/生长右/IMG_0857.PNG
  artifactKey: Guid(1b9bf7b20bbbf9e439616296d067329b) Importer(815301076,1909f56bfc062723c751e8b465ee728b)
Start importing Assets/怪物生长/怪物/怪物1/生长右/IMG_0857.PNG using Guid(1b9bf7b20bbbf9e439616296d067329b) Importer(815301076,1909f56bfc062723c751e8b465ee728b)  -> (artifact id: 'dbafe2e97c7ff8dd3047ddd3db6bae41') in 0.032567 seconds 
========================================================================
Received Import Request.
  Time since last request: 0.000023 seconds.
  path: Assets/怪物生长/怪物/怪物1/生长右/IMG_0864.PNG
  artifactKey: Guid(06cf45f13f7d8144a9c2118cb0df4f1d) Importer(815301076,1909f56bfc062723c751e8b465ee728b)
Start importing Assets/怪物生长/怪物/怪物1/生长右/IMG_0864.PNG using Guid(06cf45f13f7d8144a9c2118cb0df4f1d) Importer(815301076,1909f56bfc062723c751e8b465ee728b)  -> (artifact id: '577361deb0df9ace64b80d3beb2a2f62') in 0.046405 seconds 
========================================================================
Received Prepare
Registering precompiled user dll's ...
Registered in 0.008738 seconds.
Begin MonoManager ReloadAssembly
Symbol file LoadedFromMemory doesn't match image E:\Unity\progect\OneBUtton\Library\PackageCache\com.unity.visualscripting@1.8.0\Editor\VisualScripting.Core\Dependencies\YamlDotNet\Unity.VisualScripting.YamlDotNet.dll
Symbol file LoadedFromMemory doesn't match image E:\Unity\progect\OneBUtton\Library\PackageCache\com.unity.visualscripting@1.8.0\Editor\VisualScripting.Core\Dependencies\DotNetZip\Unity.VisualScripting.IonicZip.dll
Native extension for WindowsStandalone target not found
Native extension for iOS target not found
Native extension for Android target not found
Native extension for WebGL target not found
Refreshing native plugins compatible for Editor in 0.80 ms, found 3 plugins.
Preloading 0 native plugins for Editor in 0.00 ms.
Mono: successfully reloaded assembly
- Completed reload, in  1.005 seconds
Domain Reload Profiling:
	ReloadAssembly (1006ms)
		BeginReloadAssembly (139ms)
			ExecutionOrderSort (0ms)
			DisableScriptedObjects (5ms)
			BackupInstance (0ms)
			ReleaseScriptingObjects (0ms)
			CreateAndSetChildDomain (34ms)
		EndReloadAssembly (784ms)
			LoadAssemblies (96ms)
			RebuildTransferFunctionScriptingTraits (0ms)
			SetupTypeCache (178ms)
			ReleaseScriptCaches (1ms)
			RebuildScriptCaches (38ms)
			SetupLoadedEditorAssemblies (439ms)
				LogAssemblyErrors (0ms)
				InitializePlatformSupportModulesInManaged (30ms)
				SetLoadedEditorAssemblies (0ms)
				RefreshPlugins (1ms)
				BeforeProcessingInitializeOnLoad (54ms)
				ProcessInitializeOnLoadAttributes (325ms)
				ProcessInitializeOnLoadMethodAttributes (18ms)
				AfterProcessingInitializeOnLoad (11ms)
				EditorAssembliesLoaded (0ms)
			ExecutionOrderSort2 (0ms)
			AwakeInstancesAfterBackupRestoration (11ms)
Platform modules already initialized, skipping
Refreshing native plugins compatible for Editor in 2.49 ms, found 3 plugins.
Preloading 0 native plugins for Editor in 0.00 ms.
Unloading 3080 Unused Serialized files (Serialized files now loaded: 0)
Unloading 15 unused Assets / (95.4 KB). Loaded Objects now: 3604.
Memory consumption went from 113.2 MB to 113.1 MB.
Total: 3.378200 ms (FindLiveObjects: 0.207800 ms CreateObjectMapping: 0.064300 ms MarkObjects: 3.070600 ms  DeleteObjects: 0.034700 ms)

AssetImportParameters requested are different than current active one (requested -> active):
  custom:video-decoder-ogg-theora: a1e56fd34408186e4bbccfd4996cb3dc -> 
  custom:container-muxer-webm: aa71ff27fc2769a1b78a27578f13a17b -> 
  custom:container-demuxer-webm: 4f35f7cbe854078d1ac9338744f61a02 -> 
  custom:video-encoder-webm-vp8: eb34c28f22e8b96e1ab97ce403110664 -> 
  custom:video-codec-MediaFoundation-h265: 746d11721c4dcdbdad8f713fa42b33f4 -> 
  custom:audio-encoder-webm-vorbis: bf7c407c2cedff20999df2af8eb42d56 -> 
  custom:framework-win-MediaFoundation: 216162199b28c13a410421893ffa2e32 -> 
  custom:container-demuxer-ogg: 62fdf1f143b41e24485cea50d1cbac27 -> 
  custom:video-decoder-webm-vp8: 9c59270c3fd7afecdb556c50c9e8de78 -> 
  custom:audio-decoder-ogg-vorbis: bf7c407c2cedff20999df2af8eb42d56 -> 
========================================================================
Received Import Request.
  Time since last request: 35.097123 seconds.
  path: Assets/Resources/Flower.prefab
  artifactKey: Guid(541ef3517eee22b4081f0f1ebd480093) Importer(815301076,1909f56bfc062723c751e8b465ee728b)
Start importing Assets/Resources/Flower.prefab using Guid(541ef3517eee22b4081f0f1ebd480093) Importer(815301076,1909f56bfc062723c751e8b465ee728b)  -> (artifact id: '0f9c998a14504d288eb0443a737a888e') in 0.051131 seconds 
========================================================================
Received Import Request.
  Time since last request: 4.771093 seconds.
  path: Assets/Resources/Flower.prefab
  artifactKey: Guid(541ef3517eee22b4081f0f1ebd480093) Importer(815301076,1909f56bfc062723c751e8b465ee728b)
Start importing Assets/Resources/Flower.prefab using Guid(541ef3517eee22b4081f0f1ebd480093) Importer(815301076,1909f56bfc062723c751e8b465ee728b)  -> (artifact id: 'ee9388d4e9c502ae78ebef69faff33ea') in 0.007901 seconds 
========================================================================
Received Prepare
Registering precompiled user dll's ...
Registered in 0.007551 seconds.
Begin MonoManager ReloadAssembly
Symbol file LoadedFromMemory doesn't match image E:\Unity\progect\OneBUtton\Library\PackageCache\com.unity.visualscripting@1.8.0\Editor\VisualScripting.Core\Dependencies\YamlDotNet\Unity.VisualScripting.YamlDotNet.dll
Symbol file LoadedFromMemory doesn't match image E:\Unity\progect\OneBUtton\Library\PackageCache\com.unity.visualscripting@1.8.0\Editor\VisualScripting.Core\Dependencies\DotNetZip\Unity.VisualScripting.IonicZip.dll
Native extension for WindowsStandalone target not found
Native extension for iOS target not found
Native extension for Android target not found
Native extension for WebGL target not found
Refreshing native plugins compatible for Editor in 0.89 ms, found 3 plugins.
Preloading 0 native plugins for Editor in 0.00 ms.
Mono: successfully reloaded assembly
- Completed reload, in  0.970 seconds
Domain Reload Profiling:
	ReloadAssembly (971ms)
		BeginReloadAssembly (134ms)
			ExecutionOrderSort (0ms)
			DisableScriptedObjects (5ms)
			BackupInstance (0ms)
			ReleaseScriptingObjects (0ms)
			CreateAndSetChildDomain (40ms)
		EndReloadAssembly (754ms)
			LoadAssemblies (78ms)
			RebuildTransferFunctionScriptingTraits (0ms)
			SetupTypeCache (185ms)
			ReleaseScriptCaches (1ms)
			RebuildScriptCaches (35ms)
			SetupLoadedEditorAssemblies (424ms)
				LogAssemblyErrors (0ms)
				InitializePlatformSupportModulesInManaged (27ms)
				SetLoadedEditorAssemblies (0ms)
				RefreshPlugins (1ms)
				BeforeProcessingInitializeOnLoad (51ms)
				ProcessInitializeOnLoadAttributes (318ms)
				ProcessInitializeOnLoadMethodAttributes (17ms)
				AfterProcessingInitializeOnLoad (9ms)
				EditorAssembliesLoaded (0ms)
			ExecutionOrderSort2 (0ms)
			AwakeInstancesAfterBackupRestoration (8ms)
Platform modules already initialized, skipping
Refreshing native plugins compatible for Editor in 2.47 ms, found 3 plugins.
Preloading 0 native plugins for Editor in 0.00 ms.
Unloading 3080 Unused Serialized files (Serialized files now loaded: 0)
Unloading 15 unused Assets / (95.4 KB). Loaded Objects now: 3624.
Memory consumption went from 113.2 MB to 113.2 MB.
Total: 3.581800 ms (FindLiveObjects: 0.313200 ms CreateObjectMapping: 0.076700 ms MarkObjects: 3.151700 ms  DeleteObjects: 0.039100 ms)

AssetImportParameters requested are different than current active one (requested -> active):
  custom:video-decoder-ogg-theora: a1e56fd34408186e4bbccfd4996cb3dc -> 
  custom:container-muxer-webm: aa71ff27fc2769a1b78a27578f13a17b -> 
  custom:container-demuxer-webm: 4f35f7cbe854078d1ac9338744f61a02 -> 
  custom:video-encoder-webm-vp8: eb34c28f22e8b96e1ab97ce403110664 -> 
  custom:video-codec-MediaFoundation-h265: 746d11721c4dcdbdad8f713fa42b33f4 -> 
  custom:audio-encoder-webm-vorbis: bf7c407c2cedff20999df2af8eb42d56 -> 
  custom:framework-win-MediaFoundation: 216162199b28c13a410421893ffa2e32 -> 
  custom:container-demuxer-ogg: 62fdf1f143b41e24485cea50d1cbac27 -> 
  custom:video-decoder-webm-vp8: 9c59270c3fd7afecdb556c50c9e8de78 -> 
  custom:audio-decoder-ogg-vorbis: bf7c407c2cedff20999df2af8eb42d56 -> 
========================================================================
Received Import Request.
  Time since last request: 59.692238 seconds.
  path: Assets/角色走/角色走/前/前01 1.PNG
  artifactKey: Guid(2c363c4cc0dbd574da75e723014995ca) Importer(815301076,1909f56bfc062723c751e8b465ee728b)
Start importing Assets/角色走/角色走/前/前01 1.PNG using Guid(2c363c4cc0dbd574da75e723014995ca) Importer(815301076,1909f56bfc062723c751e8b465ee728b)  -> (artifact id: 'f2051d23cd9ac521341dee7c4ea001b8') in 0.057733 seconds 
========================================================================
Received Import Request.
  Time since last request: 16.598345 seconds.
  path: Assets/角色走/角色走/前/前01 1.PNG
  artifactKey: Guid(2c363c4cc0dbd574da75e723014995ca) Importer(815301076,1909f56bfc062723c751e8b465ee728b)
Start importing Assets/角色走/角色走/前/前01 1.PNG using Guid(2c363c4cc0dbd574da75e723014995ca) Importer(815301076,1909f56bfc062723c751e8b465ee728b)  -> (artifact id: 'd5f0eabd6911d9c2aa9ee5c71f34846d') in 0.028549 seconds 
========================================================================
Received Import Request.
  Time since last request: 0.005147 seconds.
  path: Assets/角色走/角色走/前/前03.PNG
  artifactKey: Guid(9316d1538cca87f44ba2e6cd0c96a6bc) Importer(815301076,1909f56bfc062723c751e8b465ee728b)
Start importing Assets/角色走/角色走/前/前03.PNG using Guid(9316d1538cca87f44ba2e6cd0c96a6bc) Importer(815301076,1909f56bfc062723c751e8b465ee728b)  -> (artifact id: '2982fdda91cba5cb031c7eab74454bc8') in 0.035092 seconds 
========================================================================
Received Import Request.
  Time since last request: 0.000018 seconds.
  path: Assets/角色走/角色走/前/前04.PNG
  artifactKey: Guid(7ddda6d708ab1f845986d2047afe8a7f) Importer(815301076,1909f56bfc062723c751e8b465ee728b)
Start importing Assets/角色走/角色走/前/前04.PNG using Guid(7ddda6d708ab1f845986d2047afe8a7f) Importer(815301076,1909f56bfc062723c751e8b465ee728b)  -> (artifact id: '8e7ec774e753c40e0fbdecfd79614b09') in 0.032139 seconds 
========================================================================
Received Import Request.
  Time since last request: 0.000031 seconds.
  path: Assets/角色走/角色走/前/前02.PNG
  artifactKey: Guid(3171518c38b0e044b906a6a3455ecf52) Importer(815301076,1909f56bfc062723c751e8b465ee728b)
Start importing Assets/角色走/角色走/前/前02.PNG using Guid(3171518c38b0e044b906a6a3455ecf52) Importer(815301076,1909f56bfc062723c751e8b465ee728b)  -> (artifact id: 'cc56eedb589a1e0f63b6055cc55f9bcf') in 0.027124 seconds 
========================================================================
Received Prepare
Registering precompiled user dll's ...
Registered in 0.008774 seconds.
Begin MonoManager ReloadAssembly
Symbol file LoadedFromMemory doesn't match image E:\Unity\progect\OneBUtton\Library\PackageCache\com.unity.visualscripting@1.8.0\Editor\VisualScripting.Core\Dependencies\YamlDotNet\Unity.VisualScripting.YamlDotNet.dll
Symbol file LoadedFromMemory doesn't match image E:\Unity\progect\OneBUtton\Library\PackageCache\com.unity.visualscripting@1.8.0\Editor\VisualScripting.Core\Dependencies\DotNetZip\Unity.VisualScripting.IonicZip.dll
Native extension for WindowsStandalone target not found
Native extension for iOS target not found
Native extension for Android target not found
Native extension for WebGL target not found
Refreshing native plugins compatible for Editor in 0.48 ms, found 3 plugins.
Preloading 0 native plugins for Editor in 0.00 ms.
Mono: successfully reloaded assembly
- Completed reload, in  0.933 seconds
Domain Reload Profiling:
	ReloadAssembly (933ms)
		BeginReloadAssembly (115ms)
			ExecutionOrderSort (0ms)
			DisableScriptedObjects (3ms)
			BackupInstance (0ms)
			ReleaseScriptingObjects (0ms)
			CreateAndSetChildDomain (29ms)
		EndReloadAssembly (740ms)
			LoadAssemblies (78ms)
			RebuildTransferFunctionScriptingTraits (0ms)
			SetupTypeCache (168ms)
			ReleaseScriptCaches (2ms)
			RebuildScriptCaches (39ms)
			SetupLoadedEditorAssemblies (416ms)
				LogAssemblyErrors (0ms)
				InitializePlatformSupportModulesInManaged (29ms)
				SetLoadedEditorAssemblies (0ms)
				RefreshPlugins (1ms)
				BeforeProcessingInitializeOnLoad (49ms)
				ProcessInitializeOnLoadAttributes (311ms)
				ProcessInitializeOnLoadMethodAttributes (17ms)
				AfterProcessingInitializeOnLoad (9ms)
				EditorAssembliesLoaded (0ms)
			ExecutionOrderSort2 (0ms)
			AwakeInstancesAfterBackupRestoration (8ms)
Platform modules already initialized, skipping
Refreshing native plugins compatible for Editor in 1.80 ms, found 3 plugins.
Preloading 0 native plugins for Editor in 0.00 ms.
Unloading 3080 Unused Serialized files (Serialized files now loaded: 0)
Unloading 15 unused Assets / (95.4 KB). Loaded Objects now: 3639.
Memory consumption went from 113.3 MB to 113.2 MB.
Total: 2.942500 ms (FindLiveObjects: 0.248400 ms CreateObjectMapping: 0.068500 ms MarkObjects: 2.574700 ms  DeleteObjects: 0.049800 ms)

AssetImportParameters requested are different than current active one (requested -> active):
  custom:video-decoder-ogg-theora: a1e56fd34408186e4bbccfd4996cb3dc -> 
  custom:container-muxer-webm: aa71ff27fc2769a1b78a27578f13a17b -> 
  custom:container-demuxer-webm: 4f35f7cbe854078d1ac9338744f61a02 -> 
  custom:video-encoder-webm-vp8: eb34c28f22e8b96e1ab97ce403110664 -> 
  custom:video-codec-MediaFoundation-h265: 746d11721c4dcdbdad8f713fa42b33f4 -> 
  custom:audio-encoder-webm-vorbis: bf7c407c2cedff20999df2af8eb42d56 -> 
  custom:framework-win-MediaFoundation: 216162199b28c13a410421893ffa2e32 -> 
  custom:container-demuxer-ogg: 62fdf1f143b41e24485cea50d1cbac27 -> 
  custom:video-decoder-webm-vp8: 9c59270c3fd7afecdb556c50c9e8de78 -> 
  custom:audio-decoder-ogg-vorbis: bf7c407c2cedff20999df2af8eb42d56 -> 
========================================================================
Received Import Request.
  Time since last request: 14.114985 seconds.
  path: Assets/角色走/角色走/右/右01 1.PNG
  artifactKey: Guid(de94632aaeb38fb44bfa6e6b51aadba4) Importer(815301076,1909f56bfc062723c751e8b465ee728b)
Start importing Assets/角色走/角色走/右/右01 1.PNG using Guid(de94632aaeb38fb44bfa6e6b51aadba4) Importer(815301076,1909f56bfc062723c751e8b465ee728b)  -> (artifact id: '31129e2c852e0a06e2429ded2e72719c') in 0.058191 seconds 
========================================================================
Received Import Request.
  Time since last request: 3.325619 seconds.
  path: Assets/角色走/角色走/右/右03.PNG
  artifactKey: Guid(d7866ba7259807141b6373e471b2bd29) Importer(815301076,1909f56bfc062723c751e8b465ee728b)
Start importing Assets/角色走/角色走/右/右03.PNG using Guid(d7866ba7259807141b6373e471b2bd29) Importer(815301076,1909f56bfc062723c751e8b465ee728b)  -> (artifact id: 'd9b70db6fa99d5cad5f4a3cfb2059d71') in 0.030114 seconds 
========================================================================
Received Import Request.
  Time since last request: 0.004832 seconds.
  path: Assets/角色走/角色走/右/右06.PNG
  artifactKey: Guid(7e8d57d6cd384b54db6b0d4fb4f52ef5) Importer(815301076,1909f56bfc062723c751e8b465ee728b)
Start importing Assets/角色走/角色走/右/右06.PNG using Guid(7e8d57d6cd384b54db6b0d4fb4f52ef5) Importer(815301076,1909f56bfc062723c751e8b465ee728b)  -> (artifact id: '612ef8d65cc18b3c9e604bae71c412c8') in 0.045336 seconds 
========================================================================
Received Import Request.
  Time since last request: 0.000020 seconds.
  path: Assets/角色走/角色走/右/右05.PNG
  artifactKey: Guid(2bc2bed5c2635f346a03a2961481ca65) Importer(815301076,1909f56bfc062723c751e8b465ee728b)
Start importing Assets/角色走/角色走/右/右05.PNG using Guid(2bc2bed5c2635f346a03a2961481ca65) Importer(815301076,1909f56bfc062723c751e8b465ee728b)  -> (artifact id: 'bb042752b39e41cc4c5773b24313d3b6') in 0.031429 seconds 
========================================================================
Received Import Request.
  Time since last request: 5.087879 seconds.
  path: Assets/角色走/角色走/后/后01 1.PNG
  artifactKey: Guid(c54a2c039415d73429756bc614886fa5) Importer(815301076,1909f56bfc062723c751e8b465ee728b)
Start importing Assets/角色走/角色走/后/后01 1.PNG using Guid(c54a2c039415d73429756bc614886fa5) Importer(815301076,1909f56bfc062723c751e8b465ee728b)  -> (artifact id: '07faadb8216b09990ab4679b8ddb8d1d') in 0.026901 seconds 
========================================================================
Received Import Request.
  Time since last request: 3.586164 seconds.
  path: Assets/角色走/角色走/后/后03.PNG
  artifactKey: Guid(16d114ee45a49624784d81b26535debe) Importer(815301076,1909f56bfc062723c751e8b465ee728b)
Start importing Assets/角色走/角色走/后/后03.PNG using Guid(16d114ee45a49624784d81b26535debe) Importer(815301076,1909f56bfc062723c751e8b465ee728b)  -> (artifact id: '3e0168fb1b87a78a6b90824f569d6caf') in 0.029133 seconds 
========================================================================
Received Import Request.
  Time since last request: 0.000028 seconds.
  path: Assets/角色走/角色走/后/后05.PNG
  artifactKey: Guid(28bbd11152c609b499733ee6d05101c8) Importer(815301076,1909f56bfc062723c751e8b465ee728b)
Start importing Assets/角色走/角色走/后/后05.PNG using Guid(28bbd11152c609b499733ee6d05101c8) Importer(815301076,1909f56bfc062723c751e8b465ee728b)  -> (artifact id: 'a523469ef2ef3957cecb8bb6bd951bda') in 0.034732 seconds 
========================================================================
Received Import Request.
  Time since last request: 4.222686 seconds.
  path: Assets/角色走/角色走/左/左01 1.PNG
  artifactKey: Guid(77dc73572bb2a3b48b47dd15f1871e55) Importer(815301076,1909f56bfc062723c751e8b465ee728b)
Start importing Assets/角色走/角色走/左/左01 1.PNG using Guid(77dc73572bb2a3b48b47dd15f1871e55) Importer(815301076,1909f56bfc062723c751e8b465ee728b)  -> (artifact id: '1b79d044234ea0212a4ed47b6dfc6057') in 0.035778 seconds 
========================================================================
Received Import Request.
  Time since last request: 4.782790 seconds.
  path: Assets/角色走/角色走/左/左01 1.PNG
  artifactKey: Guid(77dc73572bb2a3b48b47dd15f1871e55) Importer(815301076,1909f56bfc062723c751e8b465ee728b)
Start importing Assets/角色走/角色走/左/左01 1.PNG using Guid(77dc73572bb2a3b48b47dd15f1871e55) Importer(815301076,1909f56bfc062723c751e8b465ee728b)  -> (artifact id: '3d35dc95312f776c96ed40a200048985') in 0.037323 seconds 
========================================================================
Received Import Request.
  Time since last request: 0.000019 seconds.
  path: Assets/角色走/角色走/左/左04.PNG
  artifactKey: Guid(c13dc00eda662774a8e22ee4c52e2b3a) Importer(815301076,1909f56bfc062723c751e8b465ee728b)
Start importing Assets/角色走/角色走/左/左04.PNG using Guid(c13dc00eda662774a8e22ee4c52e2b3a) Importer(815301076,1909f56bfc062723c751e8b465ee728b)  -> (artifact id: '20a1abe547f4f1755b3f296652d44057') in 0.037588 seconds 
========================================================================
Received Import Request.
  Time since last request: 12.453747 seconds.
  path: Assets/角色攻击/角色攻击/拳风右/拳风右09.PNG
  artifactKey: Guid(5adde76936e2fe74184f7a1244687df0) Importer(815301076,1909f56bfc062723c751e8b465ee728b)
Start importing Assets/角色攻击/角色攻击/拳风右/拳风右09.PNG using Guid(5adde76936e2fe74184f7a1244687df0) Importer(815301076,1909f56bfc062723c751e8b465ee728b)  -> (artifact id: '4c0cf98ca83e8f7cb2081f713db275c9') in 0.056506 seconds 
========================================================================
Received Import Request.
  Time since last request: 0.000020 seconds.
  path: Assets/角色攻击/角色攻击/拳风右/拳风右08.PNG
  artifactKey: Guid(6daa3d8b13de1984d86b55cb30c794ac) Importer(815301076,1909f56bfc062723c751e8b465ee728b)
Start importing Assets/角色攻击/角色攻击/拳风右/拳风右08.PNG using Guid(6daa3d8b13de1984d86b55cb30c794ac) Importer(815301076,1909f56bfc062723c751e8b465ee728b)  -> (artifact id: '758926f8c266c0372faf50e983572653') in 0.055539 seconds 
========================================================================
Received Import Request.
  Time since last request: 0.000020 seconds.
  path: Assets/角色攻击/角色攻击/拳风右/拳风右06.PNG
  artifactKey: Guid(c5250df450ac1464888d551041a320b4) Importer(815301076,1909f56bfc062723c751e8b465ee728b)
Start importing Assets/角色攻击/角色攻击/拳风右/拳风右06.PNG using Guid(c5250df450ac1464888d551041a320b4) Importer(815301076,1909f56bfc062723c751e8b465ee728b)  -> (artifact id: 'f0439e2336907cd53dae476b509b11a3') in 0.065947 seconds 
========================================================================
Received Import Request.
  Time since last request: 7.688083 seconds.
  path: Assets/角色攻击/角色攻击/拳风左/拳风左07.PNG
  artifactKey: Guid(1296f51814d223b4397b25a248c3a6a9) Importer(815301076,1909f56bfc062723c751e8b465ee728b)
Start importing Assets/角色攻击/角色攻击/拳风左/拳风左07.PNG using Guid(1296f51814d223b4397b25a248c3a6a9) Importer(815301076,1909f56bfc062723c751e8b465ee728b)  -> (artifact id: 'dca7bf39906374eeb2beb04a40f3075c') in 0.053053 seconds 
========================================================================
Received Import Request.
  Time since last request: 0.000029 seconds.
  path: Assets/角色攻击/角色攻击/拳风左/拳风左09.PNG
  artifactKey: Guid(558d904031e55cf448be134c8aa2e964) Importer(815301076,1909f56bfc062723c751e8b465ee728b)
Start importing Assets/角色攻击/角色攻击/拳风左/拳风左09.PNG using Guid(558d904031e55cf448be134c8aa2e964) Importer(815301076,1909f56bfc062723c751e8b465ee728b)  -> (artifact id: 'f9779864282d5c93a735ed600876826b') in 0.057224 seconds 
========================================================================
Received Import Request.
  Time since last request: 0.000028 seconds.
  path: Assets/角色攻击/角色攻击/拳风左/拳风左06.PNG
  artifactKey: Guid(774d30fcec5dd234aaf01f8bedbcd967) Importer(815301076,1909f56bfc062723c751e8b465ee728b)
Start importing Assets/角色攻击/角色攻击/拳风左/拳风左06.PNG using Guid(774d30fcec5dd234aaf01f8bedbcd967) Importer(815301076,1909f56bfc062723c751e8b465ee728b)  -> (artifact id: 'ed849cf0b82f282d05716db094994479') in 0.066900 seconds 
========================================================================
Received Import Request.
  Time since last request: 5.909344 seconds.
  path: Assets/角色攻击/角色攻击/踢击右/踢击右6.PNG
  artifactKey: Guid(e3e21a1bdbc97e8489ce3d31ebca1fcc) Importer(815301076,1909f56bfc062723c751e8b465ee728b)
Start importing Assets/角色攻击/角色攻击/踢击右/踢击右6.PNG using Guid(e3e21a1bdbc97e8489ce3d31ebca1fcc) Importer(815301076,1909f56bfc062723c751e8b465ee728b)  -> (artifact id: 'af03566e0e1cf19f56e192a6ed6f48b7') in 0.054749 seconds 
========================================================================
Received Import Request.
  Time since last request: 0.000022 seconds.
  path: Assets/角色攻击/角色攻击/踢击右/踢击右7.PNG
  artifactKey: Guid(71035b394d4a41745aa30bd9d763c33a) Importer(815301076,1909f56bfc062723c751e8b465ee728b)
Start importing Assets/角色攻击/角色攻击/踢击右/踢击右7.PNG using Guid(71035b394d4a41745aa30bd9d763c33a) Importer(815301076,1909f56bfc062723c751e8b465ee728b)  -> (artifact id: 'ffe3e73324d4515d1595fb3dee6299a7') in 0.045764 seconds 
========================================================================
Received Import Request.
  Time since last request: 6.380905 seconds.
  path: Assets/角色攻击/角色攻击/踢击左/踢击左3.PNG
  artifactKey: Guid(31639454b42ac564ba3ce80562fca4f2) Importer(815301076,1909f56bfc062723c751e8b465ee728b)
Start importing Assets/角色攻击/角色攻击/踢击左/踢击左3.PNG using Guid(31639454b42ac564ba3ce80562fca4f2) Importer(815301076,1909f56bfc062723c751e8b465ee728b)  -> (artifact id: 'db9e8f3e344e0aa9cdbdbdb0c05267c9') in 0.047598 seconds 
========================================================================
Received Import Request.
  Time since last request: 0.000017 seconds.
  path: Assets/角色攻击/角色攻击/踢击左/踢击左6.PNG
  artifactKey: Guid(f69b6209adff75749aedd73147956256) Importer(815301076,1909f56bfc062723c751e8b465ee728b)
Start importing Assets/角色攻击/角色攻击/踢击左/踢击左6.PNG using Guid(f69b6209adff75749aedd73147956256) Importer(815301076,1909f56bfc062723c751e8b465ee728b)  -> (artifact id: 'd60bdf666e55d6495ee93acd5137ebb6') in 0.045901 seconds 
========================================================================
Received Prepare
Registering precompiled user dll's ...
Registered in 0.007807 seconds.
Begin MonoManager ReloadAssembly
Symbol file LoadedFromMemory doesn't match image E:\Unity\progect\OneBUtton\Library\PackageCache\com.unity.visualscripting@1.8.0\Editor\VisualScripting.Core\Dependencies\YamlDotNet\Unity.VisualScripting.YamlDotNet.dll
Symbol file LoadedFromMemory doesn't match image E:\Unity\progect\OneBUtton\Library\PackageCache\com.unity.visualscripting@1.8.0\Editor\VisualScripting.Core\Dependencies\DotNetZip\Unity.VisualScripting.IonicZip.dll
Native extension for WindowsStandalone target not found
Native extension for iOS target not found
Native extension for Android target not found
Native extension for WebGL target not found
Refreshing native plugins compatible for Editor in 0.62 ms, found 3 plugins.
Preloading 0 native plugins for Editor in 0.00 ms.
Mono: successfully reloaded assembly
- Completed reload, in  1.015 seconds
Domain Reload Profiling:
	ReloadAssembly (1015ms)
		BeginReloadAssembly (135ms)
			ExecutionOrderSort (0ms)
			DisableScriptedObjects (5ms)
			BackupInstance (0ms)
			ReleaseScriptingObjects (0ms)
			CreateAndSetChildDomain (39ms)
		EndReloadAssembly (796ms)
			LoadAssemblies (81ms)
			RebuildTransferFunctionScriptingTraits (0ms)
			SetupTypeCache (189ms)
			ReleaseScriptCaches (1ms)
			RebuildScriptCaches (43ms)
			SetupLoadedEditorAssemblies (441ms)
				LogAssemblyErrors (0ms)
				InitializePlatformSupportModulesInManaged (32ms)
				SetLoadedEditorAssemblies (0ms)
				RefreshPlugins (1ms)
				BeforeProcessingInitializeOnLoad (54ms)
				ProcessInitializeOnLoadAttributes (324ms)
				ProcessInitializeOnLoadMethodAttributes (20ms)
				AfterProcessingInitializeOnLoad (10ms)
				EditorAssembliesLoaded (0ms)
			ExecutionOrderSort2 (0ms)
			AwakeInstancesAfterBackupRestoration (8ms)
Platform modules already initialized, skipping
Refreshing native plugins compatible for Editor in 2.02 ms, found 3 plugins.
Preloading 0 native plugins for Editor in 0.00 ms.
Unloading 3080 Unused Serialized files (Serialized files now loaded: 0)
Unloading 15 unused Assets / (95.4 KB). Loaded Objects now: 3660.
Memory consumption went from 113.3 MB to 113.2 MB.
Total: 3.194600 ms (FindLiveObjects: 0.252300 ms CreateObjectMapping: 0.088200 ms MarkObjects: 2.816400 ms  DeleteObjects: 0.036500 ms)

AssetImportParameters requested are different than current active one (requested -> active):
  custom:video-decoder-ogg-theora: a1e56fd34408186e4bbccfd4996cb3dc -> 
  custom:container-muxer-webm: aa71ff27fc2769a1b78a27578f13a17b -> 
  custom:container-demuxer-webm: 4f35f7cbe854078d1ac9338744f61a02 -> 
  custom:video-encoder-webm-vp8: eb34c28f22e8b96e1ab97ce403110664 -> 
  custom:video-codec-MediaFoundation-h265: 746d11721c4dcdbdad8f713fa42b33f4 -> 
  custom:audio-encoder-webm-vorbis: bf7c407c2cedff20999df2af8eb42d56 -> 
  custom:framework-win-MediaFoundation: 216162199b28c13a410421893ffa2e32 -> 
  custom:container-demuxer-ogg: 62fdf1f143b41e24485cea50d1cbac27 -> 
  custom:video-decoder-webm-vp8: 9c59270c3fd7afecdb556c50c9e8de78 -> 
  custom:audio-decoder-ogg-vorbis: bf7c407c2cedff20999df2af8eb42d56 -> 
Editor requested this worker to shutdown with reason: Scaling down because of idle timeout
AssetImportWorker is now disconnected from the server
Process exiting
Exiting without the bug reporter. Application will terminate with return code 0